{"/Users/hamshi/Desktop/connect-hub/src/App.tsx": {"path":"/Users/hamshi/Desktop/connect-hub/src/App.tsx","all":false,"statementMap":{"0":{"start":{"line":1,"column":0},"end":{"line":1,"column":50}},"1":{"start":{"line":2,"column":0},"end":{"line":2,"column":59}},"2":{"start":{"line":3,"column":0},"end":{"line":3,"column":58}},"3":{"start":{"line":4,"column":0},"end":{"line":4,"column":73}},"4":{"start":{"line":5,"column":0},"end":{"line":5,"column":64}},"5":{"start":{"line":6,"column":0},"end":{"line":6,"column":47}},"6":{"start":{"line":7,"column":0},"end":{"line":7,"column":57}},"7":{"start":{"line":8,"column":0},"end":{"line":8,"column":63}},"8":{"start":{"line":9,"column":0},"end":{"line":9,"column":34}},"9":{"start":{"line":10,"column":0},"end":{"line":10,"column":40}},"10":{"start":{"line":11,"column":0},"end":{"line":11,"column":48}},"11":{"start":{"line":12,"column":0},"end":{"line":12,"column":50}},"12":{"start":{"line":13,"column":0},"end":{"line":13,"column":50}},"13":{"start":{"line":14,"column":0},"end":{"line":14,"column":48}},"14":{"start":{"line":15,"column":0},"end":{"line":15,"column":58}},"15":{"start":{"line":16,"column":0},"end":{"line":16,"column":40}},"16":{"start":{"line":17,"column":0},"end":{"line":17,"column":0}},"17":{"start":{"line":18,"column":0},"end":{"line":18,"column":38}},"18":{"start":{"line":19,"column":0},"end":{"line":19,"column":0}},"19":{"start":{"line":20,"column":0},"end":{"line":20,"column":19}},"20":{"start":{"line":21,"column":0},"end":{"line":21,"column":44}},"21":{"start":{"line":22,"column":0},"end":{"line":22,"column":18}},"22":{"start":{"line":23,"column":0},"end":{"line":23,"column":23}},"23":{"start":{"line":24,"column":0},"end":{"line":24,"column":19}},"24":{"start":{"line":25,"column":0},"end":{"line":25,"column":18}},"25":{"start":{"line":26,"column":0},"end":{"line":26,"column":23}},"26":{"start":{"line":27,"column":0},"end":{"line":27,"column":18}},"27":{"start":{"line":28,"column":0},"end":{"line":28,"column":57}},"28":{"start":{"line":29,"column":0},"end":{"line":29,"column":18}},"29":{"start":{"line":30,"column":0},"end":{"line":30,"column":22}},"30":{"start":{"line":31,"column":0},"end":{"line":31,"column":23}},"31":{"start":{"line":32,"column":0},"end":{"line":32,"column":32}},"32":{"start":{"line":33,"column":0},"end":{"line":33,"column":39}},"33":{"start":{"line":34,"column":0},"end":{"line":34,"column":33}},"34":{"start":{"line":35,"column":0},"end":{"line":35,"column":15}},"35":{"start":{"line":36,"column":0},"end":{"line":36,"column":14}},"36":{"start":{"line":37,"column":0},"end":{"line":37,"column":18}},"37":{"start":{"line":38,"column":0},"end":{"line":38,"column":31}},"38":{"start":{"line":39,"column":0},"end":{"line":39,"column":23}},"39":{"start":{"line":40,"column":0},"end":{"line":40,"column":82}},"40":{"start":{"line":41,"column":0},"end":{"line":41,"column":27}},"41":{"start":{"line":42,"column":0},"end":{"line":42,"column":33}},"42":{"start":{"line":43,"column":0},"end":{"line":43,"column":15}},"43":{"start":{"line":44,"column":0},"end":{"line":44,"column":14}},"44":{"start":{"line":45,"column":0},"end":{"line":45,"column":18}},"45":{"start":{"line":46,"column":0},"end":{"line":46,"column":30}},"46":{"start":{"line":47,"column":0},"end":{"line":47,"column":23}},"47":{"start":{"line":48,"column":0},"end":{"line":48,"column":32}},"48":{"start":{"line":49,"column":0},"end":{"line":49,"column":34}},"49":{"start":{"line":50,"column":0},"end":{"line":50,"column":33}},"50":{"start":{"line":51,"column":0},"end":{"line":51,"column":15}},"51":{"start":{"line":52,"column":0},"end":{"line":52,"column":14}},"52":{"start":{"line":53,"column":0},"end":{"line":53,"column":18}},"53":{"start":{"line":54,"column":0},"end":{"line":54,"column":34}},"54":{"start":{"line":55,"column":0},"end":{"line":55,"column":23}},"55":{"start":{"line":56,"column":0},"end":{"line":56,"column":32}},"56":{"start":{"line":57,"column":0},"end":{"line":57,"column":34}},"57":{"start":{"line":58,"column":0},"end":{"line":58,"column":33}},"58":{"start":{"line":59,"column":0},"end":{"line":59,"column":15}},"59":{"start":{"line":60,"column":0},"end":{"line":60,"column":14}},"60":{"start":{"line":61,"column":0},"end":{"line":61,"column":18}},"61":{"start":{"line":62,"column":0},"end":{"line":62,"column":31}},"62":{"start":{"line":63,"column":0},"end":{"line":63,"column":23}},"63":{"start":{"line":64,"column":0},"end":{"line":64,"column":82}},"64":{"start":{"line":65,"column":0},"end":{"line":65,"column":35}},"65":{"start":{"line":66,"column":0},"end":{"line":66,"column":33}},"66":{"start":{"line":67,"column":0},"end":{"line":67,"column":15}},"67":{"start":{"line":68,"column":0},"end":{"line":68,"column":14}},"68":{"start":{"line":69,"column":0},"end":{"line":69,"column":18}},"69":{"start":{"line":70,"column":0},"end":{"line":70,"column":31}},"70":{"start":{"line":71,"column":0},"end":{"line":71,"column":23}},"71":{"start":{"line":72,"column":0},"end":{"line":72,"column":82}},"72":{"start":{"line":73,"column":0},"end":{"line":73,"column":35}},"73":{"start":{"line":74,"column":0},"end":{"line":74,"column":33}},"74":{"start":{"line":75,"column":0},"end":{"line":75,"column":15}},"75":{"start":{"line":76,"column":0},"end":{"line":76,"column":14}},"76":{"start":{"line":77,"column":0},"end":{"line":77,"column":18}},"77":{"start":{"line":78,"column":0},"end":{"line":78,"column":30}},"78":{"start":{"line":79,"column":0},"end":{"line":79,"column":23}},"79":{"start":{"line":80,"column":0},"end":{"line":80,"column":82}},"80":{"start":{"line":81,"column":0},"end":{"line":81,"column":34}},"81":{"start":{"line":82,"column":0},"end":{"line":82,"column":33}},"82":{"start":{"line":83,"column":0},"end":{"line":83,"column":15}},"83":{"start":{"line":84,"column":0},"end":{"line":84,"column":14}},"84":{"start":{"line":85,"column":0},"end":{"line":85,"column":18}},"85":{"start":{"line":86,"column":0},"end":{"line":86,"column":35}},"86":{"start":{"line":87,"column":0},"end":{"line":87,"column":23}},"87":{"start":{"line":88,"column":0},"end":{"line":88,"column":32}},"88":{"start":{"line":89,"column":0},"end":{"line":89,"column":39}},"89":{"start":{"line":90,"column":0},"end":{"line":90,"column":33}},"90":{"start":{"line":91,"column":0},"end":{"line":91,"column":15}},"91":{"start":{"line":92,"column":0},"end":{"line":92,"column":14}},"92":{"start":{"line":93,"column":0},"end":{"line":93,"column":53}},"93":{"start":{"line":94,"column":0},"end":{"line":94,"column":19}},"94":{"start":{"line":95,"column":0},"end":{"line":95,"column":24}},"95":{"start":{"line":96,"column":0},"end":{"line":96,"column":24}},"96":{"start":{"line":97,"column":0},"end":{"line":97,"column":19}},"97":{"start":{"line":98,"column":0},"end":{"line":98,"column":24}},"98":{"start":{"line":99,"column":0},"end":{"line":99,"column":2}},"99":{"start":{"line":100,"column":0},"end":{"line":100,"column":0}},"100":{"start":{"line":101,"column":0},"end":{"line":101,"column":19}}},"s":{"0":1,"1":1,"2":1,"3":1,"4":1,"5":1,"6":1,"7":1,"8":1,"9":1,"10":1,"11":1,"12":1,"13":1,"14":1,"15":1,"16":1,"17":1,"18":1,"19":1,"20":1,"21":1,"22":1,"23":1,"24":1,"25":1,"26":1,"27":1,"28":1,"29":1,"30":1,"31":1,"32":1,"33":1,"34":1,"35":1,"36":1,"37":1,"38":1,"39":1,"40":1,"41":1,"42":1,"43":1,"44":1,"45":1,"46":1,"47":1,"48":1,"49":1,"50":1,"51":1,"52":1,"53":1,"54":1,"55":1,"56":1,"57":1,"58":1,"59":1,"60":1,"61":1,"62":1,"63":1,"64":1,"65":1,"66":1,"67":1,"68":1,"69":1,"70":1,"71":1,"72":1,"73":1,"74":1,"75":1,"76":1,"77":1,"78":1,"79":1,"80":1,"81":1,"82":1,"83":1,"84":1,"85":1,"86":1,"87":1,"88":1,"89":1,"90":1,"91":1,"92":1,"93":1,"94":1,"95":1,"96":1,"97":1,"98":1,"99":1,"100":1},"branchMap":{},"b":{},"fnMap":{},"f":{}}
,"/Users/hamshi/Desktop/connect-hub/src/main.tsx": {"path":"/Users/hamshi/Desktop/connect-hub/src/main.tsx","all":true,"statementMap":{"0":{"start":{"line":1,"column":0},"end":{"line":1,"column":46}},"1":{"start":{"line":2,"column":0},"end":{"line":2,"column":28}},"2":{"start":{"line":3,"column":0},"end":{"line":3,"column":21}},"3":{"start":{"line":4,"column":0},"end":{"line":4,"column":0}},"4":{"start":{"line":5,"column":0},"end":{"line":5,"column":61}}},"s":{"0":0,"1":0,"2":0,"3":0,"4":0},"branchMap":{"0":{"type":"branch","line":1,"loc":{"start":{"line":1,"column":160},"end":{"line":5,"column":61}},"locations":[{"start":{"line":1,"column":160},"end":{"line":5,"column":61}}]}},"b":{"0":[0]},"fnMap":{"0":{"name":"(empty-report)","decl":{"start":{"line":1,"column":160},"end":{"line":5,"column":61}},"loc":{"start":{"line":1,"column":160},"end":{"line":5,"column":61}},"line":1}},"f":{"0":0}}
,"/Users/hamshi/Desktop/connect-hub/src/components/NavLink.tsx": {"path":"/Users/hamshi/Desktop/connect-hub/src/components/NavLink.tsx","all":false,"statementMap":{"0":{"start":{"line":1,"column":0},"end":{"line":1,"column":74}},"1":{"start":{"line":2,"column":0},"end":{"line":2,"column":35}},"2":{"start":{"line":3,"column":0},"end":{"line":3,"column":33}},"3":{"start":{"line":4,"column":0},"end":{"line":4,"column":0}},"4":{"start":{"line":5,"column":0},"end":{"line":5,"column":70}},"5":{"start":{"line":6,"column":0},"end":{"line":6,"column":21}},"6":{"start":{"line":7,"column":0},"end":{"line":7,"column":27}},"7":{"start":{"line":8,"column":0},"end":{"line":8,"column":28}},"8":{"start":{"line":9,"column":0},"end":{"line":9,"column":1}},"9":{"start":{"line":10,"column":0},"end":{"line":10,"column":0}},"10":{"start":{"line":11,"column":0},"end":{"line":11,"column":66}},"11":{"start":{"line":12,"column":0},"end":{"line":12,"column":76}},"12":{"start":{"line":13,"column":0},"end":{"line":13,"column":12}},"13":{"start":{"line":14,"column":0},"end":{"line":14,"column":20}},"14":{"start":{"line":15,"column":0},"end":{"line":15,"column":17}},"15":{"start":{"line":16,"column":0},"end":{"line":16,"column":15}},"16":{"start":{"line":17,"column":0},"end":{"line":17,"column":47}},"17":{"start":{"line":18,"column":0},"end":{"line":18,"column":83}},"18":{"start":{"line":19,"column":0},"end":{"line":19,"column":9}},"19":{"start":{"line":20,"column":0},"end":{"line":20,"column":18}},"20":{"start":{"line":21,"column":0},"end":{"line":21,"column":8}},"21":{"start":{"line":22,"column":0},"end":{"line":22,"column":6}},"22":{"start":{"line":23,"column":0},"end":{"line":23,"column":4}},"23":{"start":{"line":24,"column":0},"end":{"line":24,"column":2}},"24":{"start":{"line":25,"column":0},"end":{"line":25,"column":0}},"25":{"start":{"line":26,"column":0},"end":{"line":26,"column":32}},"26":{"start":{"line":27,"column":0},"end":{"line":27,"column":0}},"27":{"start":{"line":28,"column":0},"end":{"line":28,"column":19}}},"s":{"0":1,"1":1,"2":1,"3":1,"4":1,"5":1,"6":1,"7":1,"8":1,"9":1,"10":1,"11":1,"12":3,"13":3,"14":3,"15":3,"16":3,"17":3,"18":3,"19":3,"20":3,"21":3,"22":3,"23":1,"24":1,"25":1,"26":1,"27":1},"branchMap":{"0":{"type":"branch","line":12,"loc":{"start":{"line":12,"column":2},"end":{"line":23,"column":4}},"locations":[{"start":{"line":12,"column":2},"end":{"line":23,"column":4}}]},"1":{"type":"branch","line":17,"loc":{"start":{"line":17,"column":19},"end":{"line":18,"column":83}},"locations":[{"start":{"line":17,"column":19},"end":{"line":18,"column":83}}]},"2":{"type":"branch","line":18,"loc":{"start":{"line":18,"column":24},"end":{"line":18,"column":53}},"locations":[{"start":{"line":18,"column":24},"end":{"line":18,"column":53}}]},"3":{"type":"branch","line":18,"loc":{"start":{"line":18,"column":53},"end":{"line":18,"column":83}},"locations":[{"start":{"line":18,"column":53},"end":{"line":18,"column":83}}]}},"b":{"0":[3],"1":[3],"2":[1],"3":[0]},"fnMap":{"0":{"name":"className","decl":{"start":{"line":17,"column":19},"end":{"line":18,"column":83}},"loc":{"start":{"line":17,"column":19},"end":{"line":18,"column":83}},"line":17}},"f":{"0":3}}
,"/Users/hamshi/Desktop/connect-hub/src/components/ProtectedRoute.tsx": {"path":"/Users/hamshi/Desktop/connect-hub/src/components/ProtectedRoute.tsx","all":false,"statementMap":{"0":{"start":{"line":1,"column":0},"end":{"line":1,"column":45}},"1":{"start":{"line":2,"column":0},"end":{"line":2,"column":57}},"2":{"start":{"line":3,"column":0},"end":{"line":3,"column":42}},"3":{"start":{"line":4,"column":0},"end":{"line":4,"column":39}},"4":{"start":{"line":5,"column":0},"end":{"line":5,"column":0}},"5":{"start":{"line":6,"column":0},"end":{"line":6,"column":31}},"6":{"start":{"line":7,"column":0},"end":{"line":7,"column":22}},"7":{"start":{"line":8,"column":0},"end":{"line":8,"column":72}},"8":{"start":{"line":9,"column":0},"end":{"line":9,"column":77}},"9":{"start":{"line":10,"column":0},"end":{"line":10,"column":1}},"10":{"start":{"line":11,"column":0},"end":{"line":11,"column":0}},"11":{"start":{"line":12,"column":0},"end":{"line":12,"column":40}},"12":{"start":{"line":13,"column":0},"end":{"line":13,"column":11}},"13":{"start":{"line":14,"column":0},"end":{"line":14,"column":14}},"14":{"start":{"line":15,"column":0},"end":{"line":15,"column":15}},"15":{"start":{"line":16,"column":0},"end":{"line":16,"column":25}},"16":{"start":{"line":17,"column":0},"end":{"line":17,"column":48}},"17":{"start":{"line":18,"column":0},"end":{"line":18,"column":33}},"18":{"start":{"line":19,"column":0},"end":{"line":19,"column":0}},"19":{"start":{"line":20,"column":0},"end":{"line":20,"column":16}},"20":{"start":{"line":21,"column":0},"end":{"line":21,"column":12}},"21":{"start":{"line":22,"column":0},"end":{"line":22,"column":69}},"22":{"start":{"line":23,"column":0},"end":{"line":23,"column":65}},"23":{"start":{"line":24,"column":0},"end":{"line":24,"column":12}},"24":{"start":{"line":25,"column":0},"end":{"line":25,"column":6}},"25":{"start":{"line":26,"column":0},"end":{"line":26,"column":3}},"26":{"start":{"line":27,"column":0},"end":{"line":27,"column":0}},"27":{"start":{"line":28,"column":0},"end":{"line":28,"column":14}},"28":{"start":{"line":29,"column":0},"end":{"line":29,"column":43}},"29":{"start":{"line":30,"column":0},"end":{"line":30,"column":3}},"30":{"start":{"line":31,"column":0},"end":{"line":31,"column":0}},"31":{"start":{"line":32,"column":0},"end":{"line":32,"column":42}},"32":{"start":{"line":33,"column":0},"end":{"line":33,"column":20}},"33":{"start":{"line":34,"column":0},"end":{"line":34,"column":51}},"34":{"start":{"line":35,"column":0},"end":{"line":35,"column":16}},"35":{"start":{"line":36,"column":0},"end":{"line":36,"column":15}},"36":{"start":{"line":37,"column":0},"end":{"line":37,"column":17}},"37":{"start":{"line":38,"column":0},"end":{"line":38,"column":20}},"38":{"start":{"line":39,"column":0},"end":{"line":39,"column":15}},"39":{"start":{"line":40,"column":0},"end":{"line":40,"column":6}},"40":{"start":{"line":41,"column":0},"end":{"line":41,"column":0}},"41":{"start":{"line":42,"column":0},"end":{"line":42,"column":63}},"42":{"start":{"line":43,"column":0},"end":{"line":43,"column":58}},"43":{"start":{"line":44,"column":0},"end":{"line":44,"column":0}},"44":{"start":{"line":45,"column":0},"end":{"line":45,"column":36}},"45":{"start":{"line":46,"column":0},"end":{"line":46,"column":80}},"46":{"start":{"line":47,"column":0},"end":{"line":47,"column":33}},"47":{"start":{"line":48,"column":0},"end":{"line":48,"column":51}},"48":{"start":{"line":49,"column":0},"end":{"line":49,"column":7}},"49":{"start":{"line":50,"column":0},"end":{"line":50,"column":14}},"50":{"start":{"line":51,"column":0},"end":{"line":51,"column":71}},"51":{"start":{"line":52,"column":0},"end":{"line":52,"column":39}},"52":{"start":{"line":53,"column":0},"end":{"line":53,"column":70}},"53":{"start":{"line":54,"column":0},"end":{"line":54,"column":49}},"54":{"start":{"line":55,"column":0},"end":{"line":55,"column":60}},"55":{"start":{"line":56,"column":0},"end":{"line":56,"column":16}},"56":{"start":{"line":57,"column":0},"end":{"line":57,"column":16}},"57":{"start":{"line":58,"column":0},"end":{"line":58,"column":14}},"58":{"start":{"line":59,"column":0},"end":{"line":59,"column":8}},"59":{"start":{"line":60,"column":0},"end":{"line":60,"column":5}},"60":{"start":{"line":61,"column":0},"end":{"line":61,"column":3}},"61":{"start":{"line":62,"column":0},"end":{"line":62,"column":0}},"62":{"start":{"line":63,"column":0},"end":{"line":63,"column":48}},"63":{"start":{"line":64,"column":0},"end":{"line":64,"column":69}},"64":{"start":{"line":65,"column":0},"end":{"line":65,"column":31}},"65":{"start":{"line":66,"column":0},"end":{"line":66,"column":49}},"66":{"start":{"line":67,"column":0},"end":{"line":67,"column":5}},"67":{"start":{"line":68,"column":0},"end":{"line":68,"column":12}},"68":{"start":{"line":69,"column":0},"end":{"line":69,"column":69}},"69":{"start":{"line":70,"column":0},"end":{"line":70,"column":37}},"70":{"start":{"line":71,"column":0},"end":{"line":71,"column":68}},"71":{"start":{"line":72,"column":0},"end":{"line":72,"column":47}},"72":{"start":{"line":73,"column":0},"end":{"line":73,"column":58}},"73":{"start":{"line":74,"column":0},"end":{"line":74,"column":14}},"74":{"start":{"line":75,"column":0},"end":{"line":75,"column":14}},"75":{"start":{"line":76,"column":0},"end":{"line":76,"column":12}},"76":{"start":{"line":77,"column":0},"end":{"line":77,"column":6}},"77":{"start":{"line":78,"column":0},"end":{"line":78,"column":3}},"78":{"start":{"line":79,"column":0},"end":{"line":79,"column":0}},"79":{"start":{"line":80,"column":0},"end":{"line":80,"column":25}},"80":{"start":{"line":81,"column":0},"end":{"line":81,"column":1}}},"s":{"0":1,"1":1,"2":1,"3":1,"4":1,"5":1,"6":1,"7":1,"8":1,"9":1,"10":1,"11":1,"12":16,"13":16,"14":16,"15":16,"16":16,"17":16,"18":16,"19":16,"20":1,"21":1,"22":1,"23":1,"24":1,"25":1,"26":15,"27":16,"28":3,"29":3,"30":12,"31":12,"32":16,"33":7,"34":7,"35":7,"36":7,"37":7,"38":7,"39":7,"40":7,"41":7,"42":7,"43":7,"44":7,"45":6,"46":6,"47":6,"48":6,"49":0,"50":0,"51":0,"52":0,"53":0,"54":0,"55":0,"56":0,"57":0,"58":0,"59":0,"60":7,"61":6,"62":6,"63":16,"64":3,"65":3,"66":3,"67":0,"68":0,"69":0,"70":0,"71":0,"72":0,"73":0,"74":0,"75":0,"76":0,"77":0,"78":3,"79":3,"80":3},"branchMap":{"0":{"type":"branch","line":12,"loc":{"start":{"line":12,"column":15},"end":{"line":81,"column":1}},"locations":[{"start":{"line":12,"column":15},"end":{"line":81,"column":1}}]},"1":{"type":"branch","line":20,"loc":{"start":{"line":20,"column":15},"end":{"line":26,"column":3}},"locations":[{"start":{"line":20,"column":15},"end":{"line":26,"column":3}}]},"2":{"type":"branch","line":26,"loc":{"start":{"line":26,"column":2},"end":{"line":28,"column":13}},"locations":[{"start":{"line":26,"column":2},"end":{"line":28,"column":13}}]},"3":{"type":"branch","line":28,"loc":{"start":{"line":28,"column":13},"end":{"line":30,"column":3}},"locations":[{"start":{"line":28,"column":13},"end":{"line":30,"column":3}}]},"4":{"type":"branch","line":30,"loc":{"start":{"line":30,"column":2},"end":{"line":33,"column":19}},"locations":[{"start":{"line":30,"column":2},"end":{"line":33,"column":19}}]},"5":{"type":"branch","line":33,"loc":{"start":{"line":33,"column":19},"end":{"line":61,"column":3}},"locations":[{"start":{"line":33,"column":19},"end":{"line":61,"column":3}}]},"6":{"type":"branch","line":42,"loc":{"start":{"line":42,"column":36},"end":{"line":42,"column":57}},"locations":[{"start":{"line":42,"column":36},"end":{"line":42,"column":57}}]},"7":{"type":"branch","line":42,"loc":{"start":{"line":42,"column":57},"end":{"line":42,"column":63}},"locations":[{"start":{"line":42,"column":57},"end":{"line":42,"column":63}}]},"8":{"type":"branch","line":43,"loc":{"start":{"line":43,"column":52},"end":{"line":43,"column":58}},"locations":[{"start":{"line":43,"column":52},"end":{"line":43,"column":58}}]},"9":{"type":"branch","line":45,"loc":{"start":{"line":45,"column":35},"end":{"line":60,"column":5}},"locations":[{"start":{"line":45,"column":35},"end":{"line":60,"column":5}}]},"10":{"type":"branch","line":49,"loc":{"start":{"line":49,"column":6},"end":{"line":60,"column":5}},"locations":[{"start":{"line":49,"column":6},"end":{"line":60,"column":5}}]},"11":{"type":"branch","line":61,"loc":{"start":{"line":61,"column":2},"end":{"line":64,"column":22}},"locations":[{"start":{"line":61,"column":2},"end":{"line":64,"column":22}}]},"12":{"type":"branch","line":64,"loc":{"start":{"line":64,"column":6},"end":{"line":64,"column":68}},"locations":[{"start":{"line":64,"column":6},"end":{"line":64,"column":68}}]},"13":{"type":"branch","line":64,"loc":{"start":{"line":64,"column":45},"end":{"line":64,"column":68}},"locations":[{"start":{"line":64,"column":45},"end":{"line":64,"column":68}}]},"14":{"type":"branch","line":64,"loc":{"start":{"line":64,"column":68},"end":{"line":81,"column":1}},"locations":[{"start":{"line":64,"column":68},"end":{"line":81,"column":1}}]},"15":{"type":"branch","line":67,"loc":{"start":{"line":67,"column":4},"end":{"line":78,"column":3}},"locations":[{"start":{"line":67,"column":4},"end":{"line":78,"column":3}}]}},"b":{"0":[16],"1":[1],"2":[15],"3":[3],"4":[12],"5":[7],"6":[0],"7":[0],"8":[0],"9":[6],"10":[0],"11":[6],"12":[4],"13":[0],"14":[3],"15":[0]},"fnMap":{"0":{"name":"ProtectedRoute","decl":{"start":{"line":12,"column":15},"end":{"line":81,"column":1}},"loc":{"start":{"line":12,"column":15},"end":{"line":81,"column":1}},"line":12}},"f":{"0":16}}
,"/Users/hamshi/Desktop/connect-hub/src/components/RoleBasedRedirect.tsx": {"path":"/Users/hamshi/Desktop/connect-hub/src/components/RoleBasedRedirect.tsx","all":false,"statementMap":{"0":{"start":{"line":1,"column":0},"end":{"line":1,"column":44}},"1":{"start":{"line":2,"column":0},"end":{"line":2,"column":42}},"2":{"start":{"line":3,"column":0},"end":{"line":3,"column":39}},"3":{"start":{"line":4,"column":0},"end":{"line":4,"column":0}},"4":{"start":{"line":5,"column":0},"end":{"line":5,"column":45}},"5":{"start":{"line":6,"column":0},"end":{"line":6,"column":42}},"6":{"start":{"line":7,"column":0},"end":{"line":7,"column":0}},"7":{"start":{"line":8,"column":0},"end":{"line":8,"column":16}},"8":{"start":{"line":9,"column":0},"end":{"line":9,"column":12}},"9":{"start":{"line":10,"column":0},"end":{"line":10,"column":69}},"10":{"start":{"line":11,"column":0},"end":{"line":11,"column":65}},"11":{"start":{"line":12,"column":0},"end":{"line":12,"column":12}},"12":{"start":{"line":13,"column":0},"end":{"line":13,"column":6}},"13":{"start":{"line":14,"column":0},"end":{"line":14,"column":3}},"14":{"start":{"line":15,"column":0},"end":{"line":15,"column":0}},"15":{"start":{"line":16,"column":0},"end":{"line":16,"column":47}},"16":{"start":{"line":17,"column":0},"end":{"line":17,"column":29}},"17":{"start":{"line":18,"column":0},"end":{"line":18,"column":47}},"18":{"start":{"line":19,"column":0},"end":{"line":19,"column":3}},"19":{"start":{"line":20,"column":0},"end":{"line":20,"column":0}},"20":{"start":{"line":21,"column":0},"end":{"line":21,"column":80}},"21":{"start":{"line":22,"column":0},"end":{"line":22,"column":46}},"22":{"start":{"line":23,"column":0},"end":{"line":23,"column":1}}},"s":{"0":1,"1":1,"2":1,"3":1,"4":1,"5":6,"6":6,"7":6,"8":1,"9":1,"10":1,"11":1,"12":1,"13":1,"14":5,"15":5,"16":6,"17":1,"18":1,"19":4,"20":4,"21":4,"22":4},"branchMap":{"0":{"type":"branch","line":5,"loc":{"start":{"line":5,"column":15},"end":{"line":23,"column":1}},"locations":[{"start":{"line":5,"column":15},"end":{"line":23,"column":1}}]},"1":{"type":"branch","line":8,"loc":{"start":{"line":8,"column":15},"end":{"line":14,"column":3}},"locations":[{"start":{"line":8,"column":15},"end":{"line":14,"column":3}}]},"2":{"type":"branch","line":14,"loc":{"start":{"line":14,"column":2},"end":{"line":17,"column":28}},"locations":[{"start":{"line":14,"column":2},"end":{"line":17,"column":28}}]},"3":{"type":"branch","line":17,"loc":{"start":{"line":17,"column":28},"end":{"line":19,"column":3}},"locations":[{"start":{"line":17,"column":28},"end":{"line":19,"column":3}}]},"4":{"type":"branch","line":19,"loc":{"start":{"line":19,"column":2},"end":{"line":23,"column":1}},"locations":[{"start":{"line":19,"column":2},"end":{"line":23,"column":1}}]}},"b":{"0":[6],"1":[1],"2":[5],"3":[1],"4":[4]},"fnMap":{"0":{"name":"RoleBasedRedirect","decl":{"start":{"line":5,"column":15},"end":{"line":23,"column":1}},"loc":{"start":{"line":5,"column":15},"end":{"line":23,"column":1}},"line":5}},"f":{"0":6}}
,"/Users/hamshi/Desktop/connect-hub/src/components/calls/CallsTable.tsx": {"path":"/Users/hamshi/Desktop/connect-hub/src/components/calls/CallsTable.tsx","all":false,"statementMap":{"0":{"start":{"line":1,"column":0},"end":{"line":1,"column":60}},"1":{"start":{"line":2,"column":0},"end":{"line":2,"column":8}},"2":{"start":{"line":3,"column":0},"end":{"line":3,"column":8}},"3":{"start":{"line":4,"column":0},"end":{"line":4,"column":12}},"4":{"start":{"line":5,"column":0},"end":{"line":5,"column":12}},"5":{"start":{"line":6,"column":0},"end":{"line":6,"column":12}},"6":{"start":{"line":7,"column":0},"end":{"line":7,"column":14}},"7":{"start":{"line":8,"column":0},"end":{"line":8,"column":11}},"8":{"start":{"line":9,"column":0},"end":{"line":9,"column":31}},"9":{"start":{"line":10,"column":0},"end":{"line":10,"column":46}},"10":{"start":{"line":11,"column":0},"end":{"line":11,"column":48}},"11":{"start":{"line":12,"column":0},"end":{"line":12,"column":64}},"12":{"start":{"line":13,"column":0},"end":{"line":13,"column":9}},"13":{"start":{"line":14,"column":0},"end":{"line":14,"column":17}},"14":{"start":{"line":15,"column":0},"end":{"line":15,"column":17}},"15":{"start":{"line":16,"column":0},"end":{"line":16,"column":8}},"16":{"start":{"line":17,"column":0},"end":{"line":17,"column":15}},"17":{"start":{"line":18,"column":0},"end":{"line":18,"column":13}},"18":{"start":{"line":19,"column":0},"end":{"line":19,"column":22}},"19":{"start":{"line":20,"column":0},"end":{"line":20,"column":70}},"20":{"start":{"line":21,"column":0},"end":{"line":21,"column":8}},"21":{"start":{"line":22,"column":0},"end":{"line":22,"column":15}},"22":{"start":{"line":23,"column":0},"end":{"line":23,"column":22}},"23":{"start":{"line":24,"column":0},"end":{"line":24,"column":19}},"24":{"start":{"line":25,"column":0},"end":{"line":25,"column":22}},"25":{"start":{"line":26,"column":0},"end":{"line":26,"column":39}},"26":{"start":{"line":27,"column":0},"end":{"line":27,"column":0}},"27":{"start":{"line":28,"column":0},"end":{"line":28,"column":27}},"28":{"start":{"line":29,"column":0},"end":{"line":29,"column":65}},"29":{"start":{"line":30,"column":0},"end":{"line":30,"column":20}},"30":{"start":{"line":31,"column":0},"end":{"line":31,"column":1}},"31":{"start":{"line":32,"column":0},"end":{"line":32,"column":0}},"32":{"start":{"line":33,"column":0},"end":{"line":33,"column":46}},"33":{"start":{"line":34,"column":0},"end":{"line":34,"column":66}},"34":{"start":{"line":35,"column":0},"end":{"line":35,"column":57}},"35":{"start":{"line":36,"column":0},"end":{"line":36,"column":67}},"36":{"start":{"line":37,"column":0},"end":{"line":37,"column":69}},"37":{"start":{"line":38,"column":0},"end":{"line":38,"column":2}},"38":{"start":{"line":39,"column":0},"end":{"line":39,"column":0}},"39":{"start":{"line":40,"column":0},"end":{"line":40,"column":61}},"40":{"start":{"line":41,"column":0},"end":{"line":41,"column":27}},"41":{"start":{"line":42,"column":0},"end":{"line":42,"column":73}},"42":{"start":{"line":43,"column":0},"end":{"line":43,"column":94}},"43":{"start":{"line":44,"column":0},"end":{"line":44,"column":28}},"44":{"start":{"line":45,"column":0},"end":{"line":45,"column":30}},"45":{"start":{"line":46,"column":0},"end":{"line":46,"column":31}},"46":{"start":{"line":47,"column":0},"end":{"line":47,"column":1}},"47":{"start":{"line":48,"column":0},"end":{"line":48,"column":0}},"48":{"start":{"line":49,"column":0},"end":{"line":49,"column":73}},"49":{"start":{"line":50,"column":0},"end":{"line":50,"column":16}},"50":{"start":{"line":51,"column":0},"end":{"line":51,"column":12}},"51":{"start":{"line":52,"column":0},"end":{"line":52,"column":79}},"52":{"start":{"line":53,"column":0},"end":{"line":53,"column":15}},"53":{"start":{"line":54,"column":0},"end":{"line":54,"column":23}},"54":{"start":{"line":55,"column":0},"end":{"line":55,"column":22}},"55":{"start":{"line":56,"column":0},"end":{"line":56,"column":46}},"56":{"start":{"line":57,"column":0},"end":{"line":57,"column":45}},"57":{"start":{"line":58,"column":0},"end":{"line":58,"column":42}},"58":{"start":{"line":59,"column":0},"end":{"line":59,"column":42}},"59":{"start":{"line":60,"column":0},"end":{"line":60,"column":45}},"60":{"start":{"line":61,"column":0},"end":{"line":61,"column":43}},"61":{"start":{"line":62,"column":0},"end":{"line":62,"column":41}},"62":{"start":{"line":63,"column":0},"end":{"line":63,"column":54}},"63":{"start":{"line":64,"column":0},"end":{"line":64,"column":23}},"64":{"start":{"line":65,"column":0},"end":{"line":65,"column":24}},"65":{"start":{"line":66,"column":0},"end":{"line":66,"column":21}},"66":{"start":{"line":67,"column":0},"end":{"line":67,"column":42}},"67":{"start":{"line":68,"column":0},"end":{"line":68,"column":32}},"68":{"start":{"line":69,"column":0},"end":{"line":69,"column":46}},"69":{"start":{"line":70,"column":0},"end":{"line":70,"column":37}},"70":{"start":{"line":71,"column":0},"end":{"line":71,"column":74}},"71":{"start":{"line":72,"column":0},"end":{"line":72,"column":30}},"72":{"start":{"line":73,"column":0},"end":{"line":73,"column":19}},"73":{"start":{"line":74,"column":0},"end":{"line":74,"column":25}},"74":{"start":{"line":75,"column":0},"end":{"line":75,"column":15}},"75":{"start":{"line":76,"column":0},"end":{"line":76,"column":22}},"76":{"start":{"line":77,"column":0},"end":{"line":77,"column":16}},"77":{"start":{"line":78,"column":0},"end":{"line":78,"column":12}},"78":{"start":{"line":79,"column":0},"end":{"line":79,"column":6}},"79":{"start":{"line":80,"column":0},"end":{"line":80,"column":3}},"80":{"start":{"line":81,"column":0},"end":{"line":81,"column":0}},"81":{"start":{"line":82,"column":0},"end":{"line":82,"column":10}},"82":{"start":{"line":83,"column":0},"end":{"line":83,"column":77}},"83":{"start":{"line":84,"column":0},"end":{"line":84,"column":13}},"84":{"start":{"line":85,"column":0},"end":{"line":85,"column":21}},"85":{"start":{"line":86,"column":0},"end":{"line":86,"column":44}},"86":{"start":{"line":87,"column":0},"end":{"line":87,"column":70}},"87":{"start":{"line":88,"column":0},"end":{"line":88,"column":69}},"88":{"start":{"line":89,"column":0},"end":{"line":89,"column":66}},"89":{"start":{"line":90,"column":0},"end":{"line":90,"column":66}},"90":{"start":{"line":91,"column":0},"end":{"line":91,"column":69}},"91":{"start":{"line":92,"column":0},"end":{"line":92,"column":67}},"92":{"start":{"line":93,"column":0},"end":{"line":93,"column":65}},"93":{"start":{"line":94,"column":0},"end":{"line":94,"column":52}},"94":{"start":{"line":95,"column":0},"end":{"line":95,"column":21}},"95":{"start":{"line":96,"column":0},"end":{"line":96,"column":22}},"96":{"start":{"line":97,"column":0},"end":{"line":97,"column":19}},"97":{"start":{"line":98,"column":0},"end":{"line":98,"column":33}},"98":{"start":{"line":99,"column":0},"end":{"line":99,"column":22}},"99":{"start":{"line":100,"column":0},"end":{"line":100,"column":88}},"100":{"start":{"line":101,"column":0},"end":{"line":101,"column":30}},"101":{"start":{"line":102,"column":0},"end":{"line":102,"column":26}},"102":{"start":{"line":103,"column":0},"end":{"line":103,"column":23}},"103":{"start":{"line":104,"column":0},"end":{"line":104,"column":15}},"104":{"start":{"line":105,"column":0},"end":{"line":105,"column":33}},"105":{"start":{"line":106,"column":0},"end":{"line":106,"column":86}},"106":{"start":{"line":107,"column":0},"end":{"line":107,"column":27}},"107":{"start":{"line":108,"column":0},"end":{"line":108,"column":59}},"108":{"start":{"line":109,"column":0},"end":{"line":109,"column":49}},"109":{"start":{"line":110,"column":0},"end":{"line":110,"column":74}},"110":{"start":{"line":111,"column":0},"end":{"line":111,"column":56}},"111":{"start":{"line":112,"column":0},"end":{"line":112,"column":74}},"112":{"start":{"line":113,"column":0},"end":{"line":113,"column":25}},"113":{"start":{"line":114,"column":0},"end":{"line":114,"column":73}},"114":{"start":{"line":115,"column":0},"end":{"line":115,"column":22}},"115":{"start":{"line":116,"column":0},"end":{"line":116,"column":80}},"116":{"start":{"line":117,"column":0},"end":{"line":117,"column":24}},"117":{"start":{"line":118,"column":0},"end":{"line":118,"column":28}},"118":{"start":{"line":119,"column":0},"end":{"line":119,"column":27}},"119":{"start":{"line":120,"column":0},"end":{"line":120,"column":59}},"120":{"start":{"line":121,"column":0},"end":{"line":121,"column":48}},"121":{"start":{"line":122,"column":0},"end":{"line":122,"column":85}},"122":{"start":{"line":123,"column":0},"end":{"line":123,"column":63}},"123":{"start":{"line":124,"column":0},"end":{"line":124,"column":39}},"124":{"start":{"line":125,"column":0},"end":{"line":125,"column":29}},"125":{"start":{"line":126,"column":0},"end":{"line":126,"column":58}},"126":{"start":{"line":127,"column":0},"end":{"line":127,"column":56}},"127":{"start":{"line":128,"column":0},"end":{"line":128,"column":27}},"128":{"start":{"line":129,"column":0},"end":{"line":129,"column":24}},"129":{"start":{"line":130,"column":0},"end":{"line":130,"column":28}},"130":{"start":{"line":131,"column":0},"end":{"line":131,"column":69}},"131":{"start":{"line":132,"column":0},"end":{"line":132,"column":44}},"132":{"start":{"line":133,"column":0},"end":{"line":133,"column":28}},"133":{"start":{"line":134,"column":0},"end":{"line":134,"column":27}},"134":{"start":{"line":135,"column":0},"end":{"line":135,"column":45}},"135":{"start":{"line":136,"column":0},"end":{"line":136,"column":61}},"136":{"start":{"line":137,"column":0},"end":{"line":137,"column":50}},"137":{"start":{"line":138,"column":0},"end":{"line":138,"column":74}},"138":{"start":{"line":139,"column":0},"end":{"line":139,"column":71}},"139":{"start":{"line":140,"column":0},"end":{"line":140,"column":70}},"140":{"start":{"line":141,"column":0},"end":{"line":141,"column":41}},"141":{"start":{"line":142,"column":0},"end":{"line":142,"column":31}},"142":{"start":{"line":143,"column":0},"end":{"line":143,"column":48}},"143":{"start":{"line":144,"column":0},"end":{"line":144,"column":92}},"144":{"start":{"line":145,"column":0},"end":{"line":145,"column":29}},"145":{"start":{"line":146,"column":0},"end":{"line":146,"column":26}},"146":{"start":{"line":147,"column":0},"end":{"line":147,"column":23}},"147":{"start":{"line":148,"column":0},"end":{"line":148,"column":85}},"148":{"start":{"line":149,"column":0},"end":{"line":149,"column":20}},"149":{"start":{"line":150,"column":0},"end":{"line":150,"column":28}},"150":{"start":{"line":151,"column":0},"end":{"line":151,"column":57}},"151":{"start":{"line":152,"column":0},"end":{"line":152,"column":61}},"152":{"start":{"line":153,"column":0},"end":{"line":153,"column":28}},"153":{"start":{"line":154,"column":0},"end":{"line":154,"column":27}},"154":{"start":{"line":155,"column":0},"end":{"line":155,"column":25}},"155":{"start":{"line":156,"column":0},"end":{"line":156,"column":38}},"156":{"start":{"line":157,"column":0},"end":{"line":157,"column":71}},"157":{"start":{"line":158,"column":0},"end":{"line":158,"column":19}},"158":{"start":{"line":159,"column":0},"end":{"line":159,"column":33}},"159":{"start":{"line":160,"column":0},"end":{"line":160,"column":26}},"160":{"start":{"line":161,"column":0},"end":{"line":161,"column":28}},"161":{"start":{"line":162,"column":0},"end":{"line":162,"column":69}},"162":{"start":{"line":163,"column":0},"end":{"line":163,"column":69}},"163":{"start":{"line":164,"column":0},"end":{"line":164,"column":28}},"164":{"start":{"line":165,"column":0},"end":{"line":165,"column":27}},"165":{"start":{"line":166,"column":0},"end":{"line":166,"column":32}},"166":{"start":{"line":167,"column":0},"end":{"line":167,"column":49}},"167":{"start":{"line":168,"column":0},"end":{"line":168,"column":78}},"168":{"start":{"line":169,"column":0},"end":{"line":169,"column":60}},"169":{"start":{"line":170,"column":0},"end":{"line":170,"column":31}},"170":{"start":{"line":171,"column":0},"end":{"line":171,"column":42}},"171":{"start":{"line":172,"column":0},"end":{"line":172,"column":53}},"172":{"start":{"line":173,"column":0},"end":{"line":173,"column":46}},"173":{"start":{"line":174,"column":0},"end":{"line":174,"column":42}},"174":{"start":{"line":175,"column":0},"end":{"line":175,"column":59}},"175":{"start":{"line":176,"column":0},"end":{"line":176,"column":40}},"176":{"start":{"line":177,"column":0},"end":{"line":177,"column":43}},"177":{"start":{"line":178,"column":0},"end":{"line":178,"column":24}},"178":{"start":{"line":179,"column":0},"end":{"line":179,"column":71}},"179":{"start":{"line":180,"column":0},"end":{"line":180,"column":68}},"180":{"start":{"line":181,"column":0},"end":{"line":181,"column":42}},"181":{"start":{"line":182,"column":0},"end":{"line":182,"column":33}},"182":{"start":{"line":183,"column":0},"end":{"line":183,"column":28}},"183":{"start":{"line":184,"column":0},"end":{"line":184,"column":25}},"184":{"start":{"line":185,"column":0},"end":{"line":185,"column":14}},"185":{"start":{"line":186,"column":0},"end":{"line":186,"column":12}},"186":{"start":{"line":187,"column":0},"end":{"line":187,"column":20}},"187":{"start":{"line":188,"column":0},"end":{"line":188,"column":14}},"188":{"start":{"line":189,"column":0},"end":{"line":189,"column":10}},"189":{"start":{"line":190,"column":0},"end":{"line":190,"column":4}},"190":{"start":{"line":191,"column":0},"end":{"line":191,"column":1}}},"s":{"0":1,"1":1,"2":1,"3":1,"4":1,"5":1,"6":1,"7":1,"8":1,"9":1,"10":1,"11":1,"12":1,"13":1,"14":1,"15":1,"16":1,"17":1,"18":1,"19":1,"20":1,"21":1,"22":1,"23":1,"24":1,"25":1,"26":1,"27":1,"28":1,"29":1,"30":1,"31":1,"32":1,"33":1,"34":1,"35":1,"36":1,"37":1,"38":1,"39":25,"40":25,"41":24,"42":24,"43":24,"44":24,"45":24,"46":24,"47":1,"48":1,"49":19,"50":1,"51":1,"52":1,"53":1,"54":1,"55":1,"56":1,"57":1,"58":1,"59":1,"60":1,"61":1,"62":1,"63":1,"64":1,"65":1,"66":1,"67":1,"68":1,"69":1,"70":1,"71":1,"72":1,"73":1,"74":1,"75":1,"76":1,"77":1,"78":1,"79":1,"80":17,"81":17,"82":17,"83":17,"84":17,"85":17,"86":17,"87":17,"88":17,"89":17,"90":17,"91":17,"92":17,"93":17,"94":17,"95":17,"96":17,"97":17,"98":1,"99":1,"100":1,"101":1,"102":1,"103":1,"104":19,"105":19,"106":19,"107":19,"108":19,"109":1,"110":19,"111":14,"112":14,"113":19,"114":19,"115":19,"116":19,"117":19,"118":19,"119":19,"120":19,"121":19,"122":19,"123":19,"124":19,"125":19,"126":19,"127":19,"128":19,"129":19,"130":19,"131":19,"132":19,"133":19,"134":19,"135":18,"136":18,"137":18,"138":18,"139":18,"140":18,"141":18,"142":18,"143":18,"144":18,"145":18,"146":18,"147":19,"148":19,"149":19,"150":19,"151":19,"152":19,"153":19,"154":19,"155":19,"156":19,"157":19,"158":19,"159":19,"160":19,"161":19,"162":19,"163":19,"164":19,"165":19,"166":19,"167":19,"168":19,"169":19,"170":19,"171":19,"172":19,"173":19,"174":19,"175":19,"176":19,"177":19,"178":19,"179":19,"180":19,"181":19,"182":19,"183":19,"184":19,"185":19,"186":19,"187":19,"188":19,"189":19,"190":19},"branchMap":{"0":{"type":"branch","line":40,"loc":{"start":{"line":40,"column":0},"end":{"line":47,"column":1}},"locations":[{"start":{"line":40,"column":0},"end":{"line":47,"column":1}}]},"1":{"type":"branch","line":41,"loc":{"start":{"line":41,"column":16},"end":{"line":41,"column":27}},"locations":[{"start":{"line":41,"column":16},"end":{"line":41,"column":27}}]},"2":{"type":"branch","line":41,"loc":{"start":{"line":41,"column":23},"end":{"line":47,"column":1}},"locations":[{"start":{"line":41,"column":23},"end":{"line":47,"column":1}}]},"3":{"type":"branch","line":49,"loc":{"start":{"line":49,"column":15},"end":{"line":191,"column":1}},"locations":[{"start":{"line":49,"column":15},"end":{"line":191,"column":1}}]},"4":{"type":"branch","line":50,"loc":{"start":{"line":50,"column":15},"end":{"line":80,"column":3}},"locations":[{"start":{"line":50,"column":15},"end":{"line":80,"column":3}}]},"5":{"type":"branch","line":80,"loc":{"start":{"line":80,"column":2},"end":{"line":98,"column":33}},"locations":[{"start":{"line":80,"column":2},"end":{"line":98,"column":33}}]},"6":{"type":"branch","line":98,"loc":{"start":{"line":98,"column":28},"end":{"line":105,"column":18}},"locations":[{"start":{"line":98,"column":28},"end":{"line":105,"column":18}}]},"7":{"type":"branch","line":109,"loc":{"start":{"line":109,"column":37},"end":{"line":111,"column":29}},"locations":[{"start":{"line":109,"column":37},"end":{"line":111,"column":29}}]},"8":{"type":"branch","line":111,"loc":{"start":{"line":111,"column":43},"end":{"line":114,"column":23}},"locations":[{"start":{"line":111,"column":43},"end":{"line":114,"column":23}}]},"9":{"type":"branch","line":123,"loc":{"start":{"line":123,"column":38},"end":{"line":123,"column":53}},"locations":[{"start":{"line":123,"column":38},"end":{"line":123,"column":53}}]},"10":{"type":"branch","line":123,"loc":{"start":{"line":123,"column":53},"end":{"line":123,"column":63}},"locations":[{"start":{"line":123,"column":53},"end":{"line":123,"column":63}}]},"11":{"type":"branch","line":127,"loc":{"start":{"line":127,"column":36},"end":{"line":127,"column":46}},"locations":[{"start":{"line":127,"column":36},"end":{"line":127,"column":46}}]},"12":{"type":"branch","line":127,"loc":{"start":{"line":127,"column":38},"end":{"line":127,"column":56}},"locations":[{"start":{"line":127,"column":38},"end":{"line":127,"column":56}}]},"13":{"type":"branch","line":132,"loc":{"start":{"line":132,"column":36},"end":{"line":132,"column":44}},"locations":[{"start":{"line":132,"column":36},"end":{"line":132,"column":44}}]},"14":{"type":"branch","line":135,"loc":{"start":{"line":135,"column":32},"end":{"line":135,"column":45}},"locations":[{"start":{"line":135,"column":32},"end":{"line":135,"column":45}}]},"15":{"type":"branch","line":135,"loc":{"start":{"line":135,"column":34},"end":{"line":148,"column":21}},"locations":[{"start":{"line":135,"column":34},"end":{"line":148,"column":21}}]},"16":{"type":"branch","line":157,"loc":{"start":{"line":157,"column":56},"end":{"line":157,"column":71}},"locations":[{"start":{"line":157,"column":56},"end":{"line":157,"column":71}}]}},"b":{"0":[25],"1":[1],"2":[24],"3":[19],"4":[1],"5":[17],"6":[1],"7":[1],"8":[14],"9":[24],"10":[1],"11":[24],"12":[1],"13":[0],"14":[18],"15":[18],"16":[0]},"fnMap":{"0":{"name":"formatCallDuration","decl":{"start":{"line":40,"column":0},"end":{"line":47,"column":1}},"loc":{"start":{"line":40,"column":0},"end":{"line":47,"column":1}},"line":40},"1":{"name":"CallsTable","decl":{"start":{"line":49,"column":15},"end":{"line":191,"column":1}},"loc":{"start":{"line":49,"column":15},"end":{"line":191,"column":1}},"line":49}},"f":{"0":25,"1":19}}
,"/Users/hamshi/Desktop/connect-hub/src/components/dashboard/ActiveSessionsPanel.tsx": {"path":"/Users/hamshi/Desktop/connect-hub/src/components/dashboard/ActiveSessionsPanel.tsx","all":false,"statementMap":{"0":{"start":{"line":1,"column":0},"end":{"line":1,"column":80}},"1":{"start":{"line":2,"column":0},"end":{"line":2,"column":46}},"2":{"start":{"line":3,"column":0},"end":{"line":3,"column":48}},"3":{"start":{"line":4,"column":0},"end":{"line":4,"column":64}},"4":{"start":{"line":5,"column":0},"end":{"line":5,"column":73}},"5":{"start":{"line":6,"column":0},"end":{"line":6,"column":33}},"6":{"start":{"line":7,"column":0},"end":{"line":7,"column":83}},"7":{"start":{"line":8,"column":0},"end":{"line":8,"column":72}},"8":{"start":{"line":9,"column":0},"end":{"line":9,"column":47}},"9":{"start":{"line":10,"column":0},"end":{"line":10,"column":0}},"10":{"start":{"line":11,"column":0},"end":{"line":11,"column":36}},"11":{"start":{"line":12,"column":0},"end":{"line":12,"column":99}},"12":{"start":{"line":13,"column":0},"end":{"line":13,"column":1}},"13":{"start":{"line":14,"column":0},"end":{"line":14,"column":0}},"14":{"start":{"line":15,"column":0},"end":{"line":15,"column":22}},"15":{"start":{"line":16,"column":0},"end":{"line":16,"column":11}},"16":{"start":{"line":17,"column":0},"end":{"line":17,"column":20}},"17":{"start":{"line":18,"column":0},"end":{"line":18,"column":80}},"18":{"start":{"line":19,"column":0},"end":{"line":19,"column":4}},"19":{"start":{"line":20,"column":0},"end":{"line":20,"column":14}},"20":{"start":{"line":21,"column":0},"end":{"line":21,"column":21}},"21":{"start":{"line":22,"column":0},"end":{"line":22,"column":80}},"22":{"start":{"line":23,"column":0},"end":{"line":23,"column":4}},"23":{"start":{"line":24,"column":0},"end":{"line":24,"column":17}},"24":{"start":{"line":25,"column":0},"end":{"line":25,"column":26}},"25":{"start":{"line":26,"column":0},"end":{"line":26,"column":71}},"26":{"start":{"line":27,"column":0},"end":{"line":27,"column":4}},"27":{"start":{"line":28,"column":0},"end":{"line":28,"column":2}},"28":{"start":{"line":29,"column":0},"end":{"line":29,"column":0}},"29":{"start":{"line":30,"column":0},"end":{"line":30,"column":46}},"30":{"start":{"line":31,"column":0},"end":{"line":31,"column":17}},"31":{"start":{"line":32,"column":0},"end":{"line":32,"column":18}},"32":{"start":{"line":33,"column":0},"end":{"line":33,"column":14}},"33":{"start":{"line":34,"column":0},"end":{"line":34,"column":12}},"34":{"start":{"line":35,"column":0},"end":{"line":35,"column":14}},"35":{"start":{"line":36,"column":0},"end":{"line":36,"column":2}},"36":{"start":{"line":37,"column":0},"end":{"line":37,"column":0}},"37":{"start":{"line":38,"column":0},"end":{"line":38,"column":68}},"38":{"start":{"line":39,"column":0},"end":{"line":39,"column":30}},"39":{"start":{"line":40,"column":0},"end":{"line":40,"column":73}},"40":{"start":{"line":41,"column":0},"end":{"line":41,"column":69}},"41":{"start":{"line":42,"column":0},"end":{"line":42,"column":30}},"42":{"start":{"line":43,"column":0},"end":{"line":43,"column":41}},"43":{"start":{"line":44,"column":0},"end":{"line":44,"column":1}},"44":{"start":{"line":45,"column":0},"end":{"line":45,"column":0}},"45":{"start":{"line":46,"column":0},"end":{"line":46,"column":90}},"46":{"start":{"line":47,"column":0},"end":{"line":47,"column":33}},"47":{"start":{"line":48,"column":0},"end":{"line":48,"column":47}},"48":{"start":{"line":49,"column":0},"end":{"line":49,"column":0}},"49":{"start":{"line":50,"column":0},"end":{"line":50,"column":10}},"50":{"start":{"line":51,"column":0},"end":{"line":51,"column":34}},"51":{"start":{"line":52,"column":0},"end":{"line":52,"column":35}},"52":{"start":{"line":53,"column":0},"end":{"line":53,"column":59}},"53":{"start":{"line":54,"column":0},"end":{"line":54,"column":92}},"54":{"start":{"line":55,"column":0},"end":{"line":55,"column":30}},"55":{"start":{"line":56,"column":0},"end":{"line":56,"column":94}},"56":{"start":{"line":57,"column":0},"end":{"line":57,"column":36}},"57":{"start":{"line":58,"column":0},"end":{"line":58,"column":20}},"58":{"start":{"line":59,"column":0},"end":{"line":59,"column":22}},"59":{"start":{"line":60,"column":0},"end":{"line":60,"column":18}},"60":{"start":{"line":61,"column":0},"end":{"line":61,"column":28}},"61":{"start":{"line":62,"column":0},"end":{"line":62,"column":22}},"62":{"start":{"line":63,"column":0},"end":{"line":63,"column":45}},"63":{"start":{"line":64,"column":0},"end":{"line":64,"column":49}},"64":{"start":{"line":65,"column":0},"end":{"line":65,"column":11}},"65":{"start":{"line":66,"column":0},"end":{"line":66,"column":20}},"66":{"start":{"line":67,"column":0},"end":{"line":67,"column":19}},"67":{"start":{"line":68,"column":0},"end":{"line":68,"column":14}},"68":{"start":{"line":69,"column":0},"end":{"line":69,"column":19}},"69":{"start":{"line":70,"column":0},"end":{"line":70,"column":41}},"70":{"start":{"line":71,"column":0},"end":{"line":71,"column":41}},"71":{"start":{"line":72,"column":0},"end":{"line":72,"column":66}},"72":{"start":{"line":73,"column":0},"end":{"line":73,"column":30}},"73":{"start":{"line":74,"column":0},"end":{"line":74,"column":16}},"74":{"start":{"line":75,"column":0},"end":{"line":75,"column":13}},"75":{"start":{"line":76,"column":0},"end":{"line":76,"column":51}},"76":{"start":{"line":77,"column":0},"end":{"line":77,"column":69}},"77":{"start":{"line":78,"column":0},"end":{"line":78,"column":55}},"78":{"start":{"line":79,"column":0},"end":{"line":79,"column":113}},"79":{"start":{"line":80,"column":0},"end":{"line":80,"column":29}},"80":{"start":{"line":81,"column":0},"end":{"line":81,"column":53}},"81":{"start":{"line":82,"column":0},"end":{"line":82,"column":67}},"82":{"start":{"line":83,"column":0},"end":{"line":83,"column":88}},"83":{"start":{"line":84,"column":0},"end":{"line":84,"column":55}},"84":{"start":{"line":85,"column":0},"end":{"line":85,"column":0}},"85":{"start":{"line":86,"column":0},"end":{"line":86,"column":20}},"86":{"start":{"line":87,"column":0},"end":{"line":87,"column":18}},"87":{"start":{"line":88,"column":0},"end":{"line":88,"column":32}},"88":{"start":{"line":89,"column":0},"end":{"line":89,"column":139}},"89":{"start":{"line":90,"column":0},"end":{"line":90,"column":62}},"90":{"start":{"line":91,"column":0},"end":{"line":91,"column":15}},"91":{"start":{"line":92,"column":0},"end":{"line":92,"column":39}},"92":{"start":{"line":93,"column":0},"end":{"line":93,"column":69}},"93":{"start":{"line":94,"column":0},"end":{"line":94,"column":89}},"94":{"start":{"line":95,"column":0},"end":{"line":95,"column":33}},"95":{"start":{"line":96,"column":0},"end":{"line":96,"column":33}},"96":{"start":{"line":97,"column":0},"end":{"line":97,"column":39}},"97":{"start":{"line":98,"column":0},"end":{"line":98,"column":31}},"98":{"start":{"line":99,"column":0},"end":{"line":99,"column":44}},"99":{"start":{"line":100,"column":0},"end":{"line":100,"column":35}},"100":{"start":{"line":101,"column":0},"end":{"line":101,"column":25}},"101":{"start":{"line":102,"column":0},"end":{"line":102,"column":0}},"102":{"start":{"line":103,"column":0},"end":{"line":103,"column":36}},"103":{"start":{"line":104,"column":0},"end":{"line":104,"column":48}},"104":{"start":{"line":105,"column":0},"end":{"line":105,"column":59}},"105":{"start":{"line":106,"column":0},"end":{"line":106,"column":67}},"106":{"start":{"line":107,"column":0},"end":{"line":107,"column":36}},"107":{"start":{"line":108,"column":0},"end":{"line":108,"column":27}},"108":{"start":{"line":109,"column":0},"end":{"line":109,"column":92}},"109":{"start":{"line":110,"column":0},"end":{"line":110,"column":24}},"110":{"start":{"line":111,"column":0},"end":{"line":111,"column":89}},"111":{"start":{"line":112,"column":0},"end":{"line":112,"column":51}},"112":{"start":{"line":113,"column":0},"end":{"line":113,"column":24}},"113":{"start":{"line":114,"column":0},"end":{"line":114,"column":22}},"114":{"start":{"line":115,"column":0},"end":{"line":115,"column":0}},"115":{"start":{"line":116,"column":0},"end":{"line":116,"column":39}},"116":{"start":{"line":117,"column":0},"end":{"line":117,"column":57}},"117":{"start":{"line":118,"column":0},"end":{"line":118,"column":120}},"118":{"start":{"line":119,"column":0},"end":{"line":119,"column":49}},"119":{"start":{"line":120,"column":0},"end":{"line":120,"column":30}},"120":{"start":{"line":121,"column":0},"end":{"line":121,"column":24}},"121":{"start":{"line":122,"column":0},"end":{"line":122,"column":29}},"122":{"start":{"line":123,"column":0},"end":{"line":123,"column":59}},"123":{"start":{"line":124,"column":0},"end":{"line":124,"column":23}},"124":{"start":{"line":125,"column":0},"end":{"line":125,"column":67}},"125":{"start":{"line":126,"column":0},"end":{"line":126,"column":20}},"126":{"start":{"line":127,"column":0},"end":{"line":127,"column":22}},"127":{"start":{"line":128,"column":0},"end":{"line":128,"column":0}},"128":{"start":{"line":129,"column":0},"end":{"line":129,"column":30}},"129":{"start":{"line":130,"column":0},"end":{"line":130,"column":22}},"130":{"start":{"line":131,"column":0},"end":{"line":131,"column":35}},"131":{"start":{"line":132,"column":0},"end":{"line":132,"column":162}},"132":{"start":{"line":133,"column":0},"end":{"line":133,"column":17}},"133":{"start":{"line":134,"column":0},"end":{"line":134,"column":96}},"134":{"start":{"line":135,"column":0},"end":{"line":135,"column":24}},"135":{"start":{"line":136,"column":0},"end":{"line":136,"column":0}},"136":{"start":{"line":137,"column":0},"end":{"line":137,"column":31}},"137":{"start":{"line":138,"column":0},"end":{"line":138,"column":23}},"138":{"start":{"line":139,"column":0},"end":{"line":139,"column":33}},"139":{"start":{"line":140,"column":0},"end":{"line":140,"column":29}},"140":{"start":{"line":141,"column":0},"end":{"line":141,"column":90}},"141":{"start":{"line":142,"column":0},"end":{"line":142,"column":17}},"142":{"start":{"line":143,"column":0},"end":{"line":143,"column":54}},"143":{"start":{"line":144,"column":0},"end":{"line":144,"column":25}},"144":{"start":{"line":145,"column":0},"end":{"line":145,"column":20}},"145":{"start":{"line":146,"column":0},"end":{"line":146,"column":14}},"146":{"start":{"line":147,"column":0},"end":{"line":147,"column":12}},"147":{"start":{"line":148,"column":0},"end":{"line":148,"column":10}},"148":{"start":{"line":149,"column":0},"end":{"line":149,"column":20}},"149":{"start":{"line":150,"column":0},"end":{"line":150,"column":11}},"150":{"start":{"line":151,"column":0},"end":{"line":151,"column":4}},"151":{"start":{"line":152,"column":0},"end":{"line":152,"column":1}}},"s":{"0":1,"1":1,"2":1,"3":1,"4":1,"5":1,"6":1,"7":1,"8":1,"9":1,"10":1,"11":1,"12":1,"13":1,"14":1,"15":1,"16":1,"17":1,"18":1,"19":1,"20":1,"21":1,"22":1,"23":1,"24":1,"25":1,"26":1,"27":1,"28":1,"29":1,"30":1,"31":1,"32":1,"33":1,"34":1,"35":1,"36":1,"37":16,"38":16,"39":16,"40":16,"41":16,"42":16,"43":16,"44":1,"45":1,"46":17,"47":17,"48":17,"49":17,"50":17,"51":17,"52":17,"53":17,"54":17,"55":17,"56":17,"57":17,"58":17,"59":17,"60":17,"61":17,"62":17,"63":17,"64":17,"65":17,"66":17,"67":17,"68":17,"69":17,"70":17,"71":7,"72":7,"73":7,"74":7,"75":17,"76":16,"77":16,"78":11,"79":5,"80":16,"81":16,"82":0,"83":16,"84":16,"85":16,"86":16,"87":16,"88":16,"89":16,"90":16,"91":16,"92":16,"93":16,"94":16,"95":16,"96":16,"97":16,"98":16,"99":16,"100":16,"101":16,"102":16,"103":16,"104":16,"105":16,"106":16,"107":16,"108":16,"109":16,"110":16,"111":16,"112":16,"113":16,"114":16,"115":16,"116":16,"117":16,"118":16,"119":16,"120":16,"121":16,"122":2,"123":2,"124":16,"125":16,"126":16,"127":16,"128":16,"129":16,"130":16,"131":16,"132":16,"133":16,"134":16,"135":16,"136":16,"137":16,"138":16,"139":16,"140":16,"141":16,"142":16,"143":16,"144":16,"145":16,"146":16,"147":17,"148":17,"149":17,"150":17,"151":17},"branchMap":{"0":{"type":"branch","line":38,"loc":{"start":{"line":38,"column":0},"end":{"line":44,"column":1}},"locations":[{"start":{"line":38,"column":0},"end":{"line":44,"column":1}}]},"1":{"type":"branch","line":39,"loc":{"start":{"line":39,"column":16},"end":{"line":39,"column":30}},"locations":[{"start":{"line":39,"column":16},"end":{"line":39,"column":30}}]},"2":{"type":"branch","line":43,"loc":{"start":{"line":43,"column":26},"end":{"line":43,"column":41}},"locations":[{"start":{"line":43,"column":26},"end":{"line":43,"column":41}}]},"3":{"type":"branch","line":46,"loc":{"start":{"line":46,"column":15},"end":{"line":152,"column":1}},"locations":[{"start":{"line":46,"column":15},"end":{"line":152,"column":1}}]},"4":{"type":"branch","line":71,"loc":{"start":{"line":71,"column":36},"end":{"line":76,"column":26}},"locations":[{"start":{"line":71,"column":36},"end":{"line":76,"column":26}}]},"5":{"type":"branch","line":76,"loc":{"start":{"line":76,"column":10},"end":{"line":147,"column":12}},"locations":[{"start":{"line":76,"column":10},"end":{"line":147,"column":12}}]},"6":{"type":"branch","line":64,"loc":{"start":{"line":64,"column":21},"end":{"line":64,"column":49}},"locations":[{"start":{"line":64,"column":21},"end":{"line":64,"column":49}}]},"7":{"type":"branch","line":76,"loc":{"start":{"line":76,"column":30},"end":{"line":147,"column":12}},"locations":[{"start":{"line":76,"column":30},"end":{"line":147,"column":12}}]},"8":{"type":"branch","line":77,"loc":{"start":{"line":77,"column":49},"end":{"line":77,"column":59}},"locations":[{"start":{"line":77,"column":49},"end":{"line":77,"column":59}}]},"9":{"type":"branch","line":77,"loc":{"start":{"line":77,"column":51},"end":{"line":77,"column":69}},"locations":[{"start":{"line":77,"column":51},"end":{"line":77,"column":69}}]},"10":{"type":"branch","line":78,"loc":{"start":{"line":78,"column":46},"end":{"line":78,"column":55}},"locations":[{"start":{"line":78,"column":46},"end":{"line":78,"column":55}}]},"11":{"type":"branch","line":78,"loc":{"start":{"line":78,"column":48},"end":{"line":79,"column":113}},"locations":[{"start":{"line":78,"column":48},"end":{"line":79,"column":113}}]},"12":{"type":"branch","line":79,"loc":{"start":{"line":79,"column":54},"end":{"line":79,"column":61}},"locations":[{"start":{"line":79,"column":54},"end":{"line":79,"column":61}}]},"13":{"type":"branch","line":79,"loc":{"start":{"line":79,"column":98},"end":{"line":79,"column":106}},"locations":[{"start":{"line":79,"column":98},"end":{"line":79,"column":106}}]},"14":{"type":"branch","line":79,"loc":{"start":{"line":79,"column":111},"end":{"line":80,"column":29}},"locations":[{"start":{"line":79,"column":111},"end":{"line":80,"column":29}}]},"15":{"type":"branch","line":82,"loc":{"start":{"line":82,"column":66},"end":{"line":83,"column":88}},"locations":[{"start":{"line":82,"column":66},"end":{"line":83,"column":88}}]},"16":{"type":"branch","line":99,"loc":{"start":{"line":99,"column":34},"end":{"line":99,"column":44}},"locations":[{"start":{"line":99,"column":34},"end":{"line":99,"column":44}}]},"17":{"type":"branch","line":109,"loc":{"start":{"line":109,"column":76},"end":{"line":109,"column":92}},"locations":[{"start":{"line":109,"column":76},"end":{"line":109,"column":92}}]},"18":{"type":"branch","line":122,"loc":{"start":{"line":122,"column":19},"end":{"line":125,"column":21}},"locations":[{"start":{"line":122,"column":19},"end":{"line":125,"column":21}}]},"19":{"type":"branch","line":132,"loc":{"start":{"line":132,"column":118},"end":{"line":132,"column":160}},"locations":[{"start":{"line":132,"column":118},"end":{"line":132,"column":160}}]},"20":{"type":"branch","line":134,"loc":{"start":{"line":134,"column":78},"end":{"line":134,"column":96}},"locations":[{"start":{"line":134,"column":78},"end":{"line":134,"column":96}}]},"21":{"type":"branch","line":97,"loc":{"start":{"line":97,"column":27},"end":{"line":97,"column":38}},"locations":[{"start":{"line":97,"column":27},"end":{"line":97,"column":38}}]}},"b":{"0":[16],"1":[0],"2":[0],"3":[17],"4":[7],"5":[10],"6":[1],"7":[16],"8":[12],"9":[4],"10":[11],"11":[11],"12":[0],"13":[0],"14":[5],"15":[0],"16":[0],"17":[0],"18":[2],"19":[0],"20":[0],"21":[28]},"fnMap":{"0":{"name":"formatDurationFromSeconds","decl":{"start":{"line":38,"column":0},"end":{"line":44,"column":1}},"loc":{"start":{"line":38,"column":0},"end":{"line":44,"column":1}},"line":38},"1":{"name":"ActiveSessionsPanel","decl":{"start":{"line":46,"column":15},"end":{"line":152,"column":1}},"loc":{"start":{"line":46,"column":15},"end":{"line":152,"column":1}},"line":46},"2":{"name":"onClick","decl":{"start":{"line":64,"column":21},"end":{"line":64,"column":49}},"loc":{"start":{"line":64,"column":21},"end":{"line":64,"column":49}},"line":64}},"f":{"0":16,"1":17,"2":1}}
,"/Users/hamshi/Desktop/connect-hub/src/components/dashboard/ChannelDistributionChart.tsx": {"path":"/Users/hamshi/Desktop/connect-hub/src/components/dashboard/ChannelDistributionChart.tsx","all":false,"statementMap":{"0":{"start":{"line":1,"column":0},"end":{"line":1,"column":77}},"1":{"start":{"line":2,"column":0},"end":{"line":2,"column":80}},"2":{"start":{"line":3,"column":0},"end":{"line":3,"column":52}},"3":{"start":{"line":4,"column":0},"end":{"line":4,"column":0}},"4":{"start":{"line":5,"column":0},"end":{"line":5,"column":41}},"5":{"start":{"line":6,"column":0},"end":{"line":6,"column":63}},"6":{"start":{"line":7,"column":0},"end":{"line":7,"column":1}},"7":{"start":{"line":8,"column":0},"end":{"line":8,"column":0}},"8":{"start":{"line":9,"column":0},"end":{"line":9,"column":24}},"9":{"start":{"line":10,"column":0},"end":{"line":10,"column":19}},"10":{"start":{"line":11,"column":0},"end":{"line":11,"column":19}},"11":{"start":{"line":12,"column":0},"end":{"line":12,"column":17}},"12":{"start":{"line":13,"column":0},"end":{"line":13,"column":18}},"13":{"start":{"line":14,"column":0},"end":{"line":14,"column":31}},"14":{"start":{"line":15,"column":0},"end":{"line":15,"column":5}},"15":{"start":{"line":16,"column":0},"end":{"line":16,"column":1}},"16":{"start":{"line":17,"column":0},"end":{"line":17,"column":0}},"17":{"start":{"line":18,"column":0},"end":{"line":18,"column":62}},"18":{"start":{"line":19,"column":0},"end":{"line":19,"column":44}},"19":{"start":{"line":20,"column":0},"end":{"line":20,"column":12}},"20":{"start":{"line":21,"column":0},"end":{"line":21,"column":83}},"21":{"start":{"line":22,"column":0},"end":{"line":22,"column":49}},"22":{"start":{"line":23,"column":0},"end":{"line":23,"column":14}},"23":{"start":{"line":24,"column":0},"end":{"line":24,"column":44}},"24":{"start":{"line":25,"column":0},"end":{"line":25,"column":65}},"25":{"start":{"line":26,"column":0},"end":{"line":26,"column":12}},"26":{"start":{"line":27,"column":0},"end":{"line":27,"column":64}},"27":{"start":{"line":28,"column":0},"end":{"line":28,"column":14}},"28":{"start":{"line":29,"column":0},"end":{"line":29,"column":70}},"29":{"start":{"line":30,"column":0},"end":{"line":30,"column":12}},"30":{"start":{"line":31,"column":0},"end":{"line":31,"column":6}},"31":{"start":{"line":32,"column":0},"end":{"line":32,"column":3}},"32":{"start":{"line":33,"column":0},"end":{"line":33,"column":14}},"33":{"start":{"line":34,"column":0},"end":{"line":34,"column":2}},"34":{"start":{"line":35,"column":0},"end":{"line":35,"column":0}},"35":{"start":{"line":36,"column":0},"end":{"line":36,"column":96}},"36":{"start":{"line":37,"column":0},"end":{"line":37,"column":46}},"37":{"start":{"line":38,"column":0},"end":{"line":38,"column":64}},"38":{"start":{"line":39,"column":0},"end":{"line":39,"column":65}},"39":{"start":{"line":40,"column":0},"end":{"line":40,"column":66}},"40":{"start":{"line":41,"column":0},"end":{"line":41,"column":61}},"41":{"start":{"line":42,"column":0},"end":{"line":42,"column":4}},"42":{"start":{"line":43,"column":0},"end":{"line":43,"column":0}},"43":{"start":{"line":44,"column":0},"end":{"line":44,"column":69}},"44":{"start":{"line":45,"column":0},"end":{"line":45,"column":0}},"45":{"start":{"line":46,"column":0},"end":{"line":46,"column":10}},"46":{"start":{"line":47,"column":0},"end":{"line":47,"column":34}},"47":{"start":{"line":48,"column":0},"end":{"line":48,"column":35}},"48":{"start":{"line":49,"column":0},"end":{"line":49,"column":66}},"49":{"start":{"line":50,"column":0},"end":{"line":50,"column":30}},"50":{"start":{"line":51,"column":0},"end":{"line":51,"column":20}},"51":{"start":{"line":52,"column":0},"end":{"line":52,"column":19}},"52":{"start":{"line":53,"column":0},"end":{"line":53,"column":19}},"53":{"start":{"line":54,"column":0},"end":{"line":54,"column":39}},"54":{"start":{"line":55,"column":0},"end":{"line":55,"column":58}},"55":{"start":{"line":56,"column":0},"end":{"line":56,"column":22}},"56":{"start":{"line":57,"column":0},"end":{"line":57,"column":18}},"57":{"start":{"line":58,"column":0},"end":{"line":58,"column":32}},"58":{"start":{"line":59,"column":0},"end":{"line":59,"column":24}},"59":{"start":{"line":60,"column":0},"end":{"line":60,"column":24}},"60":{"start":{"line":61,"column":0},"end":{"line":61,"column":32}},"61":{"start":{"line":62,"column":0},"end":{"line":62,"column":32}},"62":{"start":{"line":63,"column":0},"end":{"line":63,"column":32}},"63":{"start":{"line":64,"column":0},"end":{"line":64,"column":31}},"64":{"start":{"line":65,"column":0},"end":{"line":65,"column":40}},"65":{"start":{"line":66,"column":0},"end":{"line":66,"column":36}},"66":{"start":{"line":67,"column":0},"end":{"line":67,"column":15}},"67":{"start":{"line":68,"column":0},"end":{"line":68,"column":50}},"68":{"start":{"line":69,"column":0},"end":{"line":69,"column":23}},"69":{"start":{"line":70,"column":0},"end":{"line":70,"column":41}},"70":{"start":{"line":71,"column":0},"end":{"line":71,"column":38}},"71":{"start":{"line":72,"column":0},"end":{"line":72,"column":40}},"72":{"start":{"line":73,"column":0},"end":{"line":73,"column":76}},"73":{"start":{"line":74,"column":0},"end":{"line":74,"column":20}},"74":{"start":{"line":75,"column":0},"end":{"line":75,"column":19}},"75":{"start":{"line":76,"column":0},"end":{"line":76,"column":20}},"76":{"start":{"line":77,"column":0},"end":{"line":77,"column":53}},"77":{"start":{"line":78,"column":0},"end":{"line":78,"column":23}},"78":{"start":{"line":79,"column":0},"end":{"line":79,"column":32}},"79":{"start":{"line":80,"column":0},"end":{"line":80,"column":97}},"80":{"start":{"line":81,"column":0},"end":{"line":81,"column":41}},"81":{"start":{"line":82,"column":0},"end":{"line":82,"column":72}},"82":{"start":{"line":83,"column":0},"end":{"line":83,"column":68}},"83":{"start":{"line":84,"column":0},"end":{"line":84,"column":18}},"84":{"start":{"line":85,"column":0},"end":{"line":85,"column":16}},"85":{"start":{"line":86,"column":0},"end":{"line":86,"column":14}},"86":{"start":{"line":87,"column":0},"end":{"line":87,"column":8}},"87":{"start":{"line":88,"column":0},"end":{"line":88,"column":22}},"88":{"start":{"line":89,"column":0},"end":{"line":89,"column":53}},"89":{"start":{"line":90,"column":0},"end":{"line":90,"column":36}},"90":{"start":{"line":91,"column":0},"end":{"line":91,"column":69}},"91":{"start":{"line":92,"column":0},"end":{"line":92,"column":18}},"92":{"start":{"line":93,"column":0},"end":{"line":93,"column":52}},"93":{"start":{"line":94,"column":0},"end":{"line":94,"column":55}},"94":{"start":{"line":95,"column":0},"end":{"line":95,"column":16}},"95":{"start":{"line":96,"column":0},"end":{"line":96,"column":80}},"96":{"start":{"line":97,"column":0},"end":{"line":97,"column":82}},"97":{"start":{"line":98,"column":0},"end":{"line":98,"column":18}},"98":{"start":{"line":99,"column":0},"end":{"line":99,"column":13}},"99":{"start":{"line":100,"column":0},"end":{"line":100,"column":14}},"100":{"start":{"line":101,"column":0},"end":{"line":101,"column":20}},"101":{"start":{"line":102,"column":0},"end":{"line":102,"column":11}},"102":{"start":{"line":103,"column":0},"end":{"line":103,"column":4}},"103":{"start":{"line":104,"column":0},"end":{"line":104,"column":1}}},"s":{"0":1,"1":1,"2":1,"3":1,"4":1,"5":1,"6":1,"7":1,"8":1,"9":1,"10":1,"11":1,"12":1,"13":1,"14":1,"15":1,"16":1,"17":1,"18":0,"19":0,"20":0,"21":0,"22":0,"23":0,"24":0,"25":0,"26":0,"27":0,"28":0,"29":0,"30":0,"31":0,"32":0,"33":0,"34":1,"35":1,"36":13,"37":10,"38":10,"39":10,"40":10,"41":10,"42":13,"43":13,"44":13,"45":13,"46":13,"47":13,"48":13,"49":13,"50":13,"51":13,"52":13,"53":13,"54":13,"55":13,"56":13,"57":13,"58":13,"59":13,"60":13,"61":13,"62":13,"63":13,"64":13,"65":13,"66":13,"67":13,"68":13,"69":13,"70":13,"71":13,"72":13,"73":13,"74":13,"75":13,"76":13,"77":13,"78":13,"79":13,"80":13,"81":13,"82":13,"83":13,"84":13,"85":13,"86":13,"87":13,"88":13,"89":13,"90":13,"91":13,"92":13,"93":13,"94":13,"95":13,"96":13,"97":13,"98":13,"99":13,"100":13,"101":13,"102":13,"103":13},"branchMap":{"0":{"type":"branch","line":36,"loc":{"start":{"line":36,"column":15},"end":{"line":104,"column":1}},"locations":[{"start":{"line":36,"column":15},"end":{"line":104,"column":1}}]},"1":{"type":"branch","line":37,"loc":{"start":{"line":37,"column":34},"end":{"line":37,"column":45}},"locations":[{"start":{"line":37,"column":34},"end":{"line":37,"column":45}}]},"2":{"type":"branch","line":37,"loc":{"start":{"line":37,"column":38},"end":{"line":42,"column":4}},"locations":[{"start":{"line":37,"column":38},"end":{"line":42,"column":4}}]},"3":{"type":"branch","line":44,"loc":{"start":{"line":44,"column":33},"end":{"line":44,"column":64}},"locations":[{"start":{"line":44,"column":33},"end":{"line":44,"column":64}}]}},"b":{"0":[13],"1":[3],"2":[10],"3":[47]},"fnMap":{"0":{"name":"CustomTooltip","decl":{"start":{"line":18,"column":22},"end":{"line":34,"column":2}},"loc":{"start":{"line":18,"column":22},"end":{"line":34,"column":2}},"line":18},"1":{"name":"ChannelDistributionChart","decl":{"start":{"line":36,"column":15},"end":{"line":104,"column":1}},"loc":{"start":{"line":36,"column":15},"end":{"line":104,"column":1}},"line":36}},"f":{"0":0,"1":13}}
,"/Users/hamshi/Desktop/connect-hub/src/components/dashboard/ConversationsChart.tsx": {"path":"/Users/hamshi/Desktop/connect-hub/src/components/dashboard/ConversationsChart.tsx","all":false,"statementMap":{"0":{"start":{"line":1,"column":0},"end":{"line":1,"column":8}},"1":{"start":{"line":2,"column":0},"end":{"line":2,"column":12}},"2":{"start":{"line":3,"column":0},"end":{"line":3,"column":7}},"3":{"start":{"line":4,"column":0},"end":{"line":4,"column":8}},"4":{"start":{"line":5,"column":0},"end":{"line":5,"column":8}},"5":{"start":{"line":6,"column":0},"end":{"line":6,"column":16}},"6":{"start":{"line":7,"column":0},"end":{"line":7,"column":10}},"7":{"start":{"line":8,"column":0},"end":{"line":8,"column":22}},"8":{"start":{"line":9,"column":0},"end":{"line":9,"column":18}},"9":{"start":{"line":10,"column":0},"end":{"line":10,"column":80}},"10":{"start":{"line":11,"column":0},"end":{"line":11,"column":0}},"11":{"start":{"line":12,"column":0},"end":{"line":12,"column":35}},"12":{"start":{"line":13,"column":0},"end":{"line":13,"column":66}},"13":{"start":{"line":14,"column":0},"end":{"line":14,"column":1}},"14":{"start":{"line":15,"column":0},"end":{"line":15,"column":0}},"15":{"start":{"line":16,"column":0},"end":{"line":16,"column":24}},"16":{"start":{"line":17,"column":0},"end":{"line":17,"column":19}},"17":{"start":{"line":18,"column":0},"end":{"line":18,"column":66}},"18":{"start":{"line":19,"column":0},"end":{"line":19,"column":17}},"19":{"start":{"line":20,"column":0},"end":{"line":20,"column":1}},"20":{"start":{"line":21,"column":0},"end":{"line":21,"column":0}},"21":{"start":{"line":22,"column":0},"end":{"line":22,"column":69}},"22":{"start":{"line":23,"column":0},"end":{"line":23,"column":44}},"23":{"start":{"line":24,"column":0},"end":{"line":24,"column":12}},"24":{"start":{"line":25,"column":0},"end":{"line":25,"column":83}},"25":{"start":{"line":26,"column":0},"end":{"line":26,"column":61}},"26":{"start":{"line":27,"column":0},"end":{"line":27,"column":40}},"27":{"start":{"line":28,"column":0},"end":{"line":28,"column":71}},"28":{"start":{"line":29,"column":0},"end":{"line":29,"column":16}},"29":{"start":{"line":30,"column":0},"end":{"line":30,"column":46}},"30":{"start":{"line":31,"column":0},"end":{"line":31,"column":54}},"31":{"start":{"line":32,"column":0},"end":{"line":32,"column":14}},"32":{"start":{"line":33,"column":0},"end":{"line":33,"column":83}},"33":{"start":{"line":34,"column":0},"end":{"line":34,"column":64}},"34":{"start":{"line":35,"column":0},"end":{"line":35,"column":16}},"35":{"start":{"line":36,"column":0},"end":{"line":36,"column":11}},"36":{"start":{"line":37,"column":0},"end":{"line":37,"column":12}},"37":{"start":{"line":38,"column":0},"end":{"line":38,"column":6}},"38":{"start":{"line":39,"column":0},"end":{"line":39,"column":3}},"39":{"start":{"line":40,"column":0},"end":{"line":40,"column":14}},"40":{"start":{"line":41,"column":0},"end":{"line":41,"column":2}},"41":{"start":{"line":42,"column":0},"end":{"line":42,"column":0}},"42":{"start":{"line":43,"column":0},"end":{"line":43,"column":84}},"43":{"start":{"line":44,"column":0},"end":{"line":44,"column":46}},"44":{"start":{"line":45,"column":0},"end":{"line":45,"column":43}},"45":{"start":{"line":46,"column":0},"end":{"line":46,"column":43}},"46":{"start":{"line":47,"column":0},"end":{"line":47,"column":43}},"47":{"start":{"line":48,"column":0},"end":{"line":48,"column":43}},"48":{"start":{"line":49,"column":0},"end":{"line":49,"column":43}},"49":{"start":{"line":50,"column":0},"end":{"line":50,"column":43}},"50":{"start":{"line":51,"column":0},"end":{"line":51,"column":43}},"51":{"start":{"line":52,"column":0},"end":{"line":52,"column":4}},"52":{"start":{"line":53,"column":0},"end":{"line":53,"column":0}},"53":{"start":{"line":54,"column":0},"end":{"line":54,"column":10}},"54":{"start":{"line":55,"column":0},"end":{"line":55,"column":45}},"55":{"start":{"line":56,"column":0},"end":{"line":56,"column":35}},"56":{"start":{"line":57,"column":0},"end":{"line":57,"column":100}},"57":{"start":{"line":58,"column":0},"end":{"line":58,"column":25}},"58":{"start":{"line":59,"column":0},"end":{"line":59,"column":71}},"59":{"start":{"line":60,"column":0},"end":{"line":60,"column":53}},"60":{"start":{"line":61,"column":0},"end":{"line":61,"column":95}},"61":{"start":{"line":62,"column":0},"end":{"line":62,"column":69}},"62":{"start":{"line":63,"column":0},"end":{"line":63,"column":18}},"63":{"start":{"line":64,"column":0},"end":{"line":64,"column":53}},"64":{"start":{"line":65,"column":0},"end":{"line":65,"column":95}},"65":{"start":{"line":66,"column":0},"end":{"line":66,"column":66}},"66":{"start":{"line":67,"column":0},"end":{"line":67,"column":18}},"67":{"start":{"line":68,"column":0},"end":{"line":68,"column":16}},"68":{"start":{"line":69,"column":0},"end":{"line":69,"column":20}},"69":{"start":{"line":70,"column":0},"end":{"line":70,"column":19}},"70":{"start":{"line":71,"column":0},"end":{"line":71,"column":36}},"71":{"start":{"line":72,"column":0},"end":{"line":72,"column":30}},"72":{"start":{"line":73,"column":0},"end":{"line":73,"column":58}},"73":{"start":{"line":74,"column":0},"end":{"line":74,"column":94}},"74":{"start":{"line":75,"column":0},"end":{"line":75,"column":20}},"75":{"start":{"line":76,"column":0},"end":{"line":76,"column":82}},"76":{"start":{"line":77,"column":0},"end":{"line":77,"column":87}},"77":{"start":{"line":78,"column":0},"end":{"line":78,"column":86}},"78":{"start":{"line":79,"column":0},"end":{"line":79,"column":33}},"79":{"start":{"line":80,"column":0},"end":{"line":80,"column":79}},"80":{"start":{"line":81,"column":0},"end":{"line":81,"column":86}},"81":{"start":{"line":82,"column":0},"end":{"line":82,"column":85}},"82":{"start":{"line":83,"column":0},"end":{"line":83,"column":33}},"83":{"start":{"line":84,"column":0},"end":{"line":84,"column":21}},"84":{"start":{"line":85,"column":0},"end":{"line":85,"column":98}},"85":{"start":{"line":86,"column":0},"end":{"line":86,"column":20}},"86":{"start":{"line":87,"column":0},"end":{"line":87,"column":30}},"87":{"start":{"line":88,"column":0},"end":{"line":88,"column":32}},"88":{"start":{"line":89,"column":0},"end":{"line":89,"column":32}},"89":{"start":{"line":90,"column":0},"end":{"line":90,"column":77}},"90":{"start":{"line":91,"column":0},"end":{"line":91,"column":16}},"91":{"start":{"line":92,"column":0},"end":{"line":92,"column":20}},"92":{"start":{"line":93,"column":0},"end":{"line":93,"column":32}},"93":{"start":{"line":94,"column":0},"end":{"line":94,"column":32}},"94":{"start":{"line":95,"column":0},"end":{"line":95,"column":77}},"95":{"start":{"line":96,"column":0},"end":{"line":96,"column":16}},"96":{"start":{"line":97,"column":0},"end":{"line":97,"column":53}},"97":{"start":{"line":98,"column":0},"end":{"line":98,"column":19}},"98":{"start":{"line":99,"column":0},"end":{"line":99,"column":31}},"99":{"start":{"line":100,"column":0},"end":{"line":100,"column":34}},"100":{"start":{"line":101,"column":0},"end":{"line":101,"column":43}},"101":{"start":{"line":102,"column":0},"end":{"line":102,"column":31}},"102":{"start":{"line":103,"column":0},"end":{"line":103,"column":45}},"103":{"start":{"line":104,"column":0},"end":{"line":104,"column":40}},"104":{"start":{"line":105,"column":0},"end":{"line":105,"column":16}},"105":{"start":{"line":106,"column":0},"end":{"line":106,"column":19}},"106":{"start":{"line":107,"column":0},"end":{"line":107,"column":31}},"107":{"start":{"line":108,"column":0},"end":{"line":108,"column":31}},"108":{"start":{"line":109,"column":0},"end":{"line":109,"column":42}},"109":{"start":{"line":110,"column":0},"end":{"line":110,"column":31}},"110":{"start":{"line":111,"column":0},"end":{"line":111,"column":42}},"111":{"start":{"line":112,"column":0},"end":{"line":112,"column":40}},"112":{"start":{"line":113,"column":0},"end":{"line":113,"column":36}},"113":{"start":{"line":114,"column":0},"end":{"line":114,"column":16}},"114":{"start":{"line":115,"column":0},"end":{"line":115,"column":24}},"115":{"start":{"line":116,"column":0},"end":{"line":116,"column":32}},"116":{"start":{"line":117,"column":0},"end":{"line":117,"column":14}},"117":{"start":{"line":118,"column":0},"end":{"line":118,"column":20}},"118":{"start":{"line":119,"column":0},"end":{"line":119,"column":11}},"119":{"start":{"line":120,"column":0},"end":{"line":120,"column":4}},"120":{"start":{"line":121,"column":0},"end":{"line":121,"column":1}}},"s":{"0":1,"1":1,"2":1,"3":1,"4":1,"5":1,"6":1,"7":1,"8":1,"9":1,"10":1,"11":1,"12":1,"13":1,"14":1,"15":1,"16":1,"17":1,"18":1,"19":1,"20":1,"21":1,"22":0,"23":0,"24":0,"25":0,"26":0,"27":0,"28":0,"29":0,"30":0,"31":0,"32":0,"33":0,"34":0,"35":0,"36":0,"37":0,"38":0,"39":0,"40":0,"41":1,"42":1,"43":11,"44":7,"45":7,"46":7,"47":7,"48":7,"49":7,"50":7,"51":7,"52":11,"53":11,"54":11,"55":11,"56":11,"57":11,"58":11,"59":11,"60":11,"61":11,"62":11,"63":11,"64":11,"65":11,"66":11,"67":11,"68":11,"69":11,"70":11,"71":11,"72":11,"73":11,"74":11,"75":11,"76":11,"77":11,"78":11,"79":11,"80":11,"81":11,"82":11,"83":11,"84":11,"85":11,"86":11,"87":11,"88":11,"89":11,"90":11,"91":11,"92":11,"93":11,"94":11,"95":11,"96":11,"97":11,"98":11,"99":11,"100":11,"101":11,"102":11,"103":11,"104":11,"105":11,"106":11,"107":11,"108":11,"109":11,"110":11,"111":11,"112":11,"113":11,"114":11,"115":11,"116":11,"117":11,"118":11,"119":11,"120":11},"branchMap":{"0":{"type":"branch","line":43,"loc":{"start":{"line":43,"column":15},"end":{"line":121,"column":1}},"locations":[{"start":{"line":43,"column":15},"end":{"line":121,"column":1}}]},"1":{"type":"branch","line":44,"loc":{"start":{"line":44,"column":34},"end":{"line":44,"column":45}},"locations":[{"start":{"line":44,"column":34},"end":{"line":44,"column":45}}]},"2":{"type":"branch","line":44,"loc":{"start":{"line":44,"column":38},"end":{"line":52,"column":4}},"locations":[{"start":{"line":44,"column":38},"end":{"line":52,"column":4}}]}},"b":{"0":[11],"1":[4],"2":[7]},"fnMap":{"0":{"name":"CustomTooltip","decl":{"start":{"line":22,"column":22},"end":{"line":41,"column":2}},"loc":{"start":{"line":22,"column":22},"end":{"line":41,"column":2}},"line":22},"1":{"name":"ConversationsChart","decl":{"start":{"line":43,"column":15},"end":{"line":121,"column":1}},"loc":{"start":{"line":43,"column":15},"end":{"line":121,"column":1}},"line":43}},"f":{"0":0,"1":11}}
[...]
":18}},"262":{"start":{"line":263,"column":0},"end":{"line":263,"column":26}},"263":{"start":{"line":264,"column":0},"end":{"line":264,"column":54}},"264":{"start":{"line":265,"column":0},"end":{"line":265,"column":33}},"265":{"start":{"line":266,"column":0},"end":{"line":266,"column":67}},"266":{"start":{"line":267,"column":0},"end":{"line":267,"column":34}},"267":{"start":{"line":268,"column":0},"end":{"line":268,"column":27}},"268":{"start":{"line":269,"column":0},"end":{"line":269,"column":49}},"269":{"start":{"line":270,"column":0},"end":{"line":270,"column":43}},"270":{"start":{"line":271,"column":0},"end":{"line":271,"column":76}},"271":{"start":{"line":272,"column":0},"end":{"line":272,"column":24}},"272":{"start":{"line":273,"column":0},"end":{"line":273,"column":41}},"273":{"start":{"line":274,"column":0},"end":{"line":274,"column":35}},"274":{"start":{"line":275,"column":0},"end":{"line":275,"column":56}},"275":{"start":{"line":276,"column":0},"end":{"line":276,"column":36}},"276":{"start":{"line":277,"column":0},"end":{"line":277,"column":95}},"277":{"start":{"line":278,"column":0},"end":{"line":278,"column":21}},"278":{"start":{"line":279,"column":0},"end":{"line":279,"column":56}},"279":{"start":{"line":280,"column":0},"end":{"line":280,"column":20}},"280":{"start":{"line":281,"column":0},"end":{"line":281,"column":22}},"281":{"start":{"line":282,"column":0},"end":{"line":282,"column":43}},"282":{"start":{"line":283,"column":0},"end":{"line":283,"column":68}},"283":{"start":{"line":284,"column":0},"end":{"line":284,"column":24}},"284":{"start":{"line":285,"column":0},"end":{"line":285,"column":37}},"285":{"start":{"line":286,"column":0},"end":{"line":286,"column":35}},"286":{"start":{"line":287,"column":0},"end":{"line":287,"column":52}},"287":{"start":{"line":288,"column":0},"end":{"line":288,"column":36}},"288":{"start":{"line":289,"column":0},"end":{"line":289,"column":91}},"289":{"start":{"line":290,"column":0},"end":{"line":290,"column":21}},"290":{"start":{"line":291,"column":0},"end":{"line":291,"column":71}},"291":{"start":{"line":292,"column":0},"end":{"line":292,"column":20}},"292":{"start":{"line":293,"column":0},"end":{"line":293,"column":22}},"293":{"start":{"line":294,"column":0},"end":{"line":294,"column":43}},"294":{"start":{"line":295,"column":0},"end":{"line":295,"column":76}},"295":{"start":{"line":296,"column":0},"end":{"line":296,"column":24}},"296":{"start":{"line":297,"column":0},"end":{"line":297,"column":41}},"297":{"start":{"line":298,"column":0},"end":{"line":298,"column":35}},"298":{"start":{"line":299,"column":0},"end":{"line":299,"column":56}},"299":{"start":{"line":300,"column":0},"end":{"line":300,"column":36}},"300":{"start":{"line":301,"column":0},"end":{"line":301,"column":95}},"301":{"start":{"line":302,"column":0},"end":{"line":302,"column":21}},"302":{"start":{"line":303,"column":0},"end":{"line":303,"column":54}},"303":{"start":{"line":304,"column":0},"end":{"line":304,"column":20}},"304":{"start":{"line":305,"column":0},"end":{"line":305,"column":22}},"305":{"start":{"line":306,"column":0},"end":{"line":306,"column":55}},"306":{"start":{"line":307,"column":0},"end":{"line":307,"column":53}},"307":{"start":{"line":308,"column":0},"end":{"line":308,"column":33}},"308":{"start":{"line":309,"column":0},"end":{"line":309,"column":25}},"309":{"start":{"line":310,"column":0},"end":{"line":310,"column":28}},"310":{"start":{"line":311,"column":0},"end":{"line":311,"column":19}},"311":{"start":{"line":312,"column":0},"end":{"line":312,"column":18}},"312":{"start":{"line":313,"column":0},"end":{"line":313,"column":26}},"313":{"start":{"line":314,"column":0},"end":{"line":314,"column":54}},"314":{"start":{"line":315,"column":0},"end":{"line":315,"column":33}},"315":{"start":{"line":316,"column":0},"end":{"line":316,"column":61}},"316":{"start":{"line":317,"column":0},"end":{"line":317,"column":34}},"317":{"start":{"line":318,"column":0},"end":{"line":318,"column":27}},"318":{"start":{"line":319,"column":0},"end":{"line":319,"column":27}},"319":{"start":{"line":320,"column":0},"end":{"line":320,"column":61}},"320":{"start":{"line":321,"column":0},"end":{"line":321,"column":111}},"321":{"start":{"line":322,"column":0},"end":{"line":322,"column":20}},"322":{"start":{"line":323,"column":0},"end":{"line":323,"column":28}},"323":{"start":{"line":324,"column":0},"end":{"line":324,"column":19}},"324":{"start":{"line":325,"column":0},"end":{"line":325,"column":24}},"325":{"start":{"line":326,"column":0},"end":{"line":326,"column":0}},"326":{"start":{"line":327,"column":0},"end":{"line":327,"column":61}},"327":{"start":{"line":328,"column":0},"end":{"line":328,"column":18}},"328":{"start":{"line":329,"column":0},"end":{"line":329,"column":26}},"329":{"start":{"line":330,"column":0},"end":{"line":330,"column":55}},"330":{"start":{"line":331,"column":0},"end":{"line":331,"column":33}},"331":{"start":{"line":332,"column":0},"end":{"line":332,"column":67}},"332":{"start":{"line":333,"column":0},"end":{"line":333,"column":34}},"333":{"start":{"line":334,"column":0},"end":{"line":334,"column":27}},"334":{"start":{"line":335,"column":0},"end":{"line":335,"column":49}},"335":{"start":{"line":336,"column":0},"end":{"line":336,"column":35}},"336":{"start":{"line":337,"column":0},"end":{"line":337,"column":68}},"337":{"start":{"line":338,"column":0},"end":{"line":338,"column":31}},"338":{"start":{"line":339,"column":0},"end":{"line":339,"column":20}},"339":{"start":{"line":340,"column":0},"end":{"line":340,"column":60}},"340":{"start":{"line":341,"column":0},"end":{"line":341,"column":49}},"341":{"start":{"line":342,"column":0},"end":{"line":342,"column":52}},"342":{"start":{"line":343,"column":0},"end":{"line":343,"column":66}},"343":{"start":{"line":344,"column":0},"end":{"line":344,"column":36}},"344":{"start":{"line":345,"column":0},"end":{"line":345,"column":32}},"345":{"start":{"line":346,"column":0},"end":{"line":346,"column":30}},"346":{"start":{"line":347,"column":0},"end":{"line":347,"column":41}},"347":{"start":{"line":348,"column":0},"end":{"line":348,"column":58}},"348":{"start":{"line":349,"column":0},"end":{"line":349,"column":42}},"349":{"start":{"line":350,"column":0},"end":{"line":350,"column":103}},"350":{"start":{"line":351,"column":0},"end":{"line":351,"column":27}},"351":{"start":{"line":352,"column":0},"end":{"line":352,"column":26}},"352":{"start":{"line":353,"column":0},"end":{"line":353,"column":28}},"353":{"start":{"line":354,"column":0},"end":{"line":354,"column":49}},"354":{"start":{"line":355,"column":0},"end":{"line":355,"column":68}},"355":{"start":{"line":356,"column":0},"end":{"line":356,"column":30}},"356":{"start":{"line":357,"column":0},"end":{"line":357,"column":40}},"357":{"start":{"line":358,"column":0},"end":{"line":358,"column":57}},"358":{"start":{"line":359,"column":0},"end":{"line":359,"column":42}},"359":{"start":{"line":360,"column":0},"end":{"line":360,"column":102}},"360":{"start":{"line":361,"column":0},"end":{"line":361,"column":27}},"361":{"start":{"line":362,"column":0},"end":{"line":362,"column":26}},"362":{"start":{"line":363,"column":0},"end":{"line":363,"column":28}},"363":{"start":{"line":364,"column":0},"end":{"line":364,"column":26}},"364":{"start":{"line":365,"column":0},"end":{"line":365,"column":47}},"365":{"start":{"line":366,"column":0},"end":{"line":366,"column":45}},"366":{"start":{"line":367,"column":0},"end":{"line":367,"column":64}},"367":{"start":{"line":368,"column":0},"end":{"line":368,"column":29}},"368":{"start":{"line":369,"column":0},"end":{"line":369,"column":30}},"369":{"start":{"line":370,"column":0},"end":{"line":370,"column":28}},"370":{"start":{"line":371,"column":0},"end":{"line":371,"column":34}},"371":{"start":{"line":372,"column":0},"end":{"line":372,"column":36}},"372":{"start":{"line":373,"column":0},"end":{"line":373,"column":51}},"373":{"start":{"line":374,"column":0},"end":{"line":374,"column":40}},"374":{"start":{"line":375,"column":0},"end":{"line":375,"column":98}},"375":{"start":{"line":376,"column":0},"end":{"line":376,"column":25}},"376":{"start":{"line":377,"column":0},"end":{"line":377,"column":24}},"377":{"start":{"line":378,"column":0},"end":{"line":378,"column":26}},"378":{"start":{"line":379,"column":0},"end":{"line":379,"column":47}},"379":{"start":{"line":380,"column":0},"end":{"line":380,"column":45}},"380":{"start":{"line":381,"column":0},"end":{"line":381,"column":65}},"381":{"start":{"line":382,"column":0},"end":{"line":382,"column":29}},"382":{"start":{"line":383,"column":0},"end":{"line":383,"column":30}},"383":{"start":{"line":384,"column":0},"end":{"line":384,"column":28}},"384":{"start":{"line":385,"column":0},"end":{"line":385,"column":34}},"385":{"start":{"line":386,"column":0},"end":{"line":386,"column":34}},"386":{"start":{"line":387,"column":0},"end":{"line":387,"column":51}},"387":{"start":{"line":388,"column":0},"end":{"line":388,"column":40}},"388":{"start":{"line":389,"column":0},"end":{"line":389,"column":98}},"389":{"start":{"line":390,"column":0},"end":{"line":390,"column":25}},"390":{"start":{"line":391,"column":0},"end":{"line":391,"column":24}},"391":{"start":{"line":392,"column":0},"end":{"line":392,"column":26}},"392":{"start":{"line":393,"column":0},"end":{"line":393,"column":47}},"393":{"start":{"line":394,"column":0},"end":{"line":394,"column":68}},"394":{"start":{"line":395,"column":0},"end":{"line":395,"column":28}},"395":{"start":{"line":396,"column":0},"end":{"line":396,"column":39}},"396":{"start":{"line":397,"column":0},"end":{"line":397,"column":56}},"397":{"start":{"line":398,"column":0},"end":{"line":398,"column":40}},"398":{"start":{"line":399,"column":0},"end":{"line":399,"column":103}},"399":{"start":{"line":400,"column":0},"end":{"line":400,"column":25}},"400":{"start":{"line":401,"column":0},"end":{"line":401,"column":24}},"401":{"start":{"line":402,"column":0},"end":{"line":402,"column":26}},"402":{"start":{"line":403,"column":0},"end":{"line":403,"column":56}},"403":{"start":{"line":404,"column":0},"end":{"line":404,"column":55}},"404":{"start":{"line":405,"column":0},"end":{"line":405,"column":34}},"405":{"start":{"line":406,"column":0},"end":{"line":406,"column":29}},"406":{"start":{"line":407,"column":0},"end":{"line":407,"column":21}},"407":{"start":{"line":408,"column":0},"end":{"line":408,"column":21}},"408":{"start":{"line":409,"column":0},"end":{"line":409,"column":74}},"409":{"start":{"line":410,"column":0},"end":{"line":410,"column":37}},"410":{"start":{"line":411,"column":0},"end":{"line":411,"column":24}},"411":{"start":{"line":412,"column":0},"end":{"line":412,"column":18}},"412":{"start":{"line":413,"column":0},"end":{"line":413,"column":28}},"413":{"start":{"line":414,"column":0},"end":{"line":414,"column":19}},"414":{"start":{"line":415,"column":0},"end":{"line":415,"column":24}},"415":{"start":{"line":416,"column":0},"end":{"line":416,"column":15}},"416":{"start":{"line":417,"column":0},"end":{"line":417,"column":12}},"417":{"start":{"line":418,"column":0},"end":{"line":418,"column":22}},"418":{"start":{"line":419,"column":0},"end":{"line":419,"column":4}},"419":{"start":{"line":420,"column":0},"end":{"line":420,"column":1}}},"s":{"0":1,"1":1,"2":1,"3":1,"4":1,"5":1,"6":1,"7":1,"8":1,"9":1,"10":1,"11":1,"12":1,"13":1,"14":1,"15":1,"16":1,"17":1,"18":1,"19":1,"20":1,"21":1,"22":8,"23":8,"24":8,"25":8,"26":8,"27":8,"28":8,"29":8,"30":8,"31":8,"32":8,"33":8,"34":8,"35":8,"36":8,"37":8,"38":8,"39":8,"40":8,"41":8,"42":8,"43":8,"44":8,"45":8,"46":8,"47":4,"48":4,"49":8,"50":8,"51":8,"52":4,"53":4,"54":4,"55":4,"56":4,"57":0,"58":0,"59":4,"60":4,"61":4,"62":8,"63":8,"64":4,"65":4,"66":4,"67":4,"68":4,"69":4,"70":4,"71":4,"72":4,"73":8,"74":8,"75":0,"76":0,"77":0,"78":0,"79":0,"80":0,"81":0,"82":0,"83":0,"84":0,"85":0,"86":0,"87":8,"88":8,"89":0,"90":0,"91":0,"92":0,"93":0,"94":0,"95":0,"96":0,"97":0,"98":0,"99":0,"100":0,"101":0,"102":0,"103":0,"104":0,"105":0,"106":8,"107":8,"108":0,"109":0,"110":0,"111":0,"112":0,"113":0,"114":0,"115":0,"116":0,"117":0,"118":0,"119":0,"120":0,"121":0,"122":0,"123":0,"124":0,"125":0,"126":0,"127":0,"128":8,"129":8,"130":0,"131":0,"132":0,"133":0,"134":8,"135":8,"136":8,"137":8,"138":8,"139":8,"140":8,"141":8,"142":8,"143":8,"144":8,"145":8,"146":8,"147":8,"148":8,"149":8,"150":8,"151":8,"152":8,"153":8,"154":8,"155":8,"156":8,"157":8,"158":8,"159":8,"160":4,"161":4,"162":4,"163":4,"164":8,"165":8,"166":8,"167":8,"168":8,"169":8,"170":8,"171":8,"172":8,"173":8,"174":8,"175":8,"176":8,"177":8,"178":8,"179":8,"180":8,"181":8,"182":8,"183":8,"184":8,"185":8,"186":8,"187":8,"188":8,"189":8,"190":8,"191":8,"192":8,"193":8,"194":8,"195":8,"196":0,"197":8,"198":8,"199":8,"200":8,"201":8,"202":8,"203":8,"204":8,"205":8,"206":8,"207":8,"208":8,"209":8,"210":0,"211":8,"212":8,"213":8,"214":8,"215":8,"216":8,"217":8,"218":8,"219":8,"220":8,"221":8,"222":8,"223":8,"224":0,"225":8,"226":8,"227":8,"228":8,"229":8,"230":8,"231":8,"232":8,"233":8,"234":8,"235":8,"236":0,"237":8,"238":8,"239":8,"240":8,"241":8,"242":8,"243":8,"244":8,"245":8,"246":0,"247":8,"248":8,"249":8,"250":8,"251":8,"252":8,"253":8,"254":8,"255":8,"256":8,"257":8,"258":8,"259":8,"260":8,"261":8,"262":8,"263":8,"264":8,"265":8,"266":8,"267":8,"268":8,"269":8,"270":8,"271":8,"272":8,"273":8,"274":8,"275":8,"276":0,"277":8,"278":8,"279":8,"280":8,"281":8,"282":8,"283":8,"284":8,"285":8,"286":8,"287":8,"288":0,"289":8,"290":8,"291":8,"292":8,"293":8,"294":8,"295":8,"296":8,"297":8,"298":8,"299":8,"300":0,"301":8,"302":8,"303":8,"304":8,"305":8,"306":8,"307":8,"308":8,"309":8,"310":8,"311":8,"312":8,"313":8,"314":8,"315":8,"316":8,"317":8,"318":8,"319":8,"320":8,"321":8,"322":8,"323":8,"324":8,"325":8,"326":8,"327":8,"328":8,"329":8,"330":8,"331":8,"332":8,"333":8,"334":8,"335":8,"336":4,"337":4,"338":0,"339":0,"340":0,"341":0,"342":0,"343":0,"344":0,"345":0,"346":0,"347":0,"348":0,"349":0,"350":0,"351":0,"352":0,"353":0,"354":0,"355":0,"356":0,"357":0,"358":0,"359":0,"360":0,"361":0,"362":0,"363":0,"364":0,"365":0,"366":0,"367":0,"368":0,"369":0,"370":0,"371":0,"372":0,"373":0,"374":0,"375":0,"376":0,"377":0,"378":0,"379":0,"380":0,"381":0,"382":0,"383":0,"384":0,"385":0,"386":0,"387":0,"388":0,"389":0,"390":0,"391":0,"392":0,"393":0,"394":0,"395":0,"396":0,"397":0,"398":0,"399":0,"400":0,"401":0,"402":0,"403":0,"404":0,"405":0,"406":0,"407":0,"408":8,"409":8,"410":8,"411":8,"412":8,"413":8,"414":8,"415":8,"416":8,"417":8,"418":8,"419":8},"branchMap":{"0":{"type":"branch","line":22,"loc":{"start":{"line":22,"column":15},"end":{"line":420,"column":1}},"locations":[{"start":{"line":22,"column":15},"end":{"line":420,"column":1}}]},"1":{"type":"branch","line":160,"loc":{"start":{"line":160,"column":13},"end":{"line":165,"column":15}},"locations":[{"start":{"line":160,"column":13},"end":{"line":165,"column":15}}]},"2":{"type":"branch","line":336,"loc":{"start":{"line":336,"column":17},"end":{"line":338,"column":31}},"locations":[{"start":{"line":336,"column":17},"end":{"line":338,"column":31}}]},"3":{"type":"branch","line":338,"loc":{"start":{"line":338,"column":20},"end":{"line":409,"column":19}},"locations":[{"start":{"line":338,"column":20},"end":{"line":409,"column":19}}]},"4":{"type":"branch","line":47,"loc":{"start":{"line":47,"column":12},"end":{"line":50,"column":5}},"locations":[{"start":{"line":47,"column":12},"end":{"line":50,"column":5}}]},"5":{"type":"branch","line":52,"loc":{"start":{"line":52,"column":23},"end":{"line":62,"column":4}},"locations":[{"start":{"line":52,"column":23},"end":{"line":62,"column":4}}]},"6":{"type":"branch","line":64,"loc":{"start":{"line":64,"column":23},"end":{"line":73,"column":4}},"locations":[{"start":{"line":64,"column":23},"end":{"line":73,"column":4}}]},"7":{"type":"branch","line":65,"loc":{"start":{"line":65,"column":19},"end":{"line":65,"column":26}},"locations":[{"start":{"line":65,"column":19},"end":{"line":65,"column":26}}]}},"b":{"0":[8],"1":[4],"2":[4],"3":[0],"4":[4],"5":[4],"6":[4],"7":[0]},"fnMap":{"0":{"name":"SettingsPage","decl":{"start":{"line":22,"column":15},"end":{"line":420,"column":1}},"loc":{"start":{"line":22,"column":15},"end":{"line":420,"column":1}},"line":22},"1":{"name":"fetchConfigs","decl":{"start":{"line":52,"column":23},"end":{"line":62,"column":4}},"loc":{"start":{"line":52,"column":23},"end":{"line":62,"column":4}},"line":52},"2":{"name":"fetchProfile","decl":{"start":{"line":64,"column":23},"end":{"line":73,"column":4}},"loc":{"start":{"line":64,"column":23},"end":{"line":73,"column":4}},"line":64},"3":{"name":"handleSave","decl":{"start":{"line":75,"column":21},"end":{"line":87,"column":4}},"loc":{"start":{"line":75,"column":21},"end":{"line":87,"column":4}},"line":75},"4":{"name":"handleSaveProfile","decl":{"start":{"line":89,"column":28},"end":{"line":106,"column":4}},"loc":{"start":{"line":89,"column":28},"end":{"line":106,"column":4}},"line":89},"5":{"name":"handleChangePassword","decl":{"start":{"line":108,"column":31},"end":{"line":128,"column":4}},"loc":{"start":{"line":108,"column":31},"end":{"line":128,"column":4}},"line":108},"6":{"name":"handleSaveNotifPrefs","decl":{"start":{"line":130,"column":31},"end":{"line":134,"column":4}},"loc":{"start":{"line":130,"column":31},"end":{"line":134,"column":4}},"line":130},"7":{"name":"onSave","decl":{"start":{"line":171,"column":28},"end":{"line":171,"column":64}},"loc":{"start":{"line":171,"column":28},"end":{"line":171,"column":64}},"line":171},"8":{"name":"onCheckedChange","decl":{"start":{"line":196,"column":37},"end":{"line":197,"column":76}},"loc":{"start":{"line":196,"column":37},"end":{"line":197,"column":76}},"line":196},"9":{"name":"onCheckedChange","decl":{"start":{"line":210,"column":37},"end":{"line":211,"column":76}},"loc":{"start":{"line":210,"column":37},"end":{"line":211,"column":76}},"line":210},"10":{"name":"onCheckedChange","decl":{"start":{"line":224,"column":37},"end":{"line":225,"column":81}},"loc":{"start":{"line":224,"column":37},"end":{"line":225,"column":81}},"line":224},"11":{"name":"onChange","decl":{"start":{"line":236,"column":34},"end":{"line":237,"column":92}},"loc":{"start":{"line":236,"column":34},"end":{"line":237,"column":92}},"line":236},"12":{"name":"onChange","decl":{"start":{"line":246,"column":34},"end":{"line":247,"column":90}},"loc":{"start":{"line":246,"column":34},"end":{"line":247,"column":90}},"line":246},"13":{"name":"onChange","decl":{"start":{"line":276,"column":30},"end":{"line":277,"column":95}},"loc":{"start":{"line":276,"column":30},"end":{"line":277,"column":95}},"line":276},"14":{"name":"onChange","decl":{"start":{"line":288,"column":30},"end":{"line":289,"column":91}},"loc":{"start":{"line":288,"column":30},"end":{"line":289,"column":91}},"line":288},"15":{"name":"onChange","decl":{"start":{"line":300,"column":30},"end":{"line":301,"column":95}},"loc":{"start":{"line":300,"column":30},"end":{"line":301,"column":95}},"line":300},"16":{"name":"onChange","decl":{"start":{"line":349,"column":36},"end":{"line":350,"column":103}},"loc":{"start":{"line":349,"column":36},"end":{"line":350,"column":103}},"line":349},"17":{"name":"onChange","decl":{"start":{"line":359,"column":36},"end":{"line":360,"column":102}},"loc":{"start":{"line":359,"column":36},"end":{"line":360,"column":102}},"line":359},"18":{"name":"onChange","decl":{"start":{"line":374,"column":34},"end":{"line":375,"column":98}},"loc":{"start":{"line":374,"column":34},"end":{"line":375,"column":98}},"line":374},"19":{"name":"onChange","decl":{"start":{"line":388,"column":34},"end":{"line":389,"column":98}},"loc":{"start":{"line":388,"column":34},"end":{"line":389,"column":98}},"line":388},"20":{"name":"onChange","decl":{"start":{"line":398,"column":34},"end":{"line":399,"column":103}},"loc":{"start":{"line":398,"column":34},"end":{"line":399,"column":103}},"line":398}},"f":{"0":8,"1":4,"2":4,"3":0,"4":0,"5":0,"6":0,"7":0,"8":0,"9":0,"10":0,"11":0,"12":0,"13":0,"14":0,"15":0,"16":0,"17":0,"18":0,"19":0,"20":0}}
}
